2025-05-31 15:45:04,735 - TTS - INFO - Starting TTS system test...
2025-05-31 15:45:04,759 - TTS - INFO - Created test voice profile: test_voice
2025-05-31 15:45:26,804 - TTS - INFO - Starting TTS system test...
2025-05-31 15:48:00,041 - TTS - INFO - Loaded TTS engine plugin: azure-tts
2025-05-31 15:48:00,041 - TTS - INFO - Loaded TTS engine plugin: azure-tts
2025-05-31 15:48:00,042 - TTS - INFO - Loaded TTS engine plugin: edge-tts
2025-05-31 15:48:00,042 - TTS - INFO - Loaded TTS engine plugin: edge-tts
2025-05-31 15:48:00,043 - TTS - INFO - Loaded TTS engine plugin: elevenlabs
2025-05-31 15:48:00,043 - TTS - INFO - Loaded TTS engine plugin: elevenlabs
2025-05-31 15:48:00,043 - TTS - INFO - Loaded TTS engine plugin: gtts
2025-05-31 15:48:00,043 - TTS - INFO - Loaded TTS engine plugin: gtts
2025-05-31 15:48:00,050 - TTS - INFO - Universal TTS System initialized
2025-05-31 15:48:00,050 - TTS - INFO - Universal TTS System initialized
2025-05-31 15:48:00,052 - TTS - INFO - Processing file: John Fowles - The Collector-Little, Brown & Co (1963).epub
2025-05-31 15:48:00,052 - TTS - INFO - Processing file: John Fowles - The Collector-Little, Brown & Co (1963).epub
2025-05-31 15:49:52,785 - TTS - INFO - Loaded TTS engine plugin: azure-tts
2025-05-31 15:49:52,785 - TTS - INFO - Loaded TTS engine plugin: azure-tts
2025-05-31 15:49:52,786 - TTS - INFO - Loaded TTS engine plugin: edge-tts
2025-05-31 15:49:52,786 - TTS - INFO - Loaded TTS engine plugin: edge-tts
2025-05-31 15:49:52,787 - TTS - INFO - Loaded TTS engine plugin: elevenlabs
2025-05-31 15:49:52,787 - TTS - INFO - Loaded TTS engine plugin: elevenlabs
2025-05-31 15:49:52,788 - TTS - INFO - Loaded TTS engine plugin: gtts
2025-05-31 15:49:52,788 - TTS - INFO - Loaded TTS engine plugin: gtts
2025-05-31 15:49:52,795 - TTS - INFO - Universal TTS System initialized
2025-05-31 15:49:52,795 - TTS - INFO - Universal TTS System initialized
2025-05-31 15:49:52,795 - TTS - INFO - Processing file: John Fowles - The Collector-Little, Brown & Co (1963).epub
2025-05-31 15:49:52,795 - TTS - INFO - Processing file: John Fowles - The Collector-Little, Brown & Co (1963).epub
2025-05-31 15:50:46,641 - TTS - INFO - Loaded TTS engine plugin: azure-tts
2025-05-31 15:50:46,641 - TTS - INFO - Loaded TTS engine plugin: azure-tts
2025-05-31 15:50:46,642 - TTS - INFO - Loaded TTS engine plugin: edge-tts
2025-05-31 15:50:46,642 - TTS - INFO - Loaded TTS engine plugin: edge-tts
2025-05-31 15:50:46,643 - TTS - INFO - Loaded TTS engine plugin: elevenlabs
2025-05-31 15:50:46,643 - TTS - INFO - Loaded TTS engine plugin: elevenlabs
2025-05-31 15:50:46,644 - TTS - INFO - Loaded TTS engine plugin: gtts
2025-05-31 15:50:46,644 - TTS - INFO - Loaded TTS engine plugin: gtts
2025-05-31 15:50:46,650 - TTS - INFO - Universal TTS System initialized
2025-05-31 15:50:46,650 - TTS - INFO - Universal TTS System initialized
2025-05-31 15:50:46,652 - TTS - INFO - Processing file: John Fowles - The Collector-Little, Brown & Co (1963).epub
2025-05-31 15:50:46,652 - TTS - INFO - Processing file: John Fowles - The Collector-Little, Brown & Co (1963).epub
2025-05-31 15:51:05,724 - TTS - INFO - Loaded TTS engine plugin: azure-tts
2025-05-31 15:51:05,724 - TTS - INFO - Loaded TTS engine plugin: azure-tts
2025-05-31 15:51:05,725 - TTS - INFO - Loaded TTS engine plugin: edge-tts
2025-05-31 15:51:05,725 - TTS - INFO - Loaded TTS engine plugin: edge-tts
2025-05-31 15:51:05,726 - TTS - INFO - Loaded TTS engine plugin: elevenlabs
2025-05-31 15:51:05,726 - TTS - INFO - Loaded TTS engine plugin: elevenlabs
2025-05-31 15:51:05,727 - TTS - INFO - Loaded TTS engine plugin: gtts
2025-05-31 15:51:05,727 - TTS - INFO - Loaded TTS engine plugin: gtts
2025-05-31 15:51:05,734 - TTS - INFO - Universal TTS System initialized
2025-05-31 15:51:05,734 - TTS - INFO - Universal TTS System initialized
2025-05-31 15:51:05,735 - TTS - INFO - Processing file: John Fowles - The Collector-Little, Brown & Co (1963).epub
2025-05-31 15:51:05,735 - TTS - INFO - Processing file: John Fowles - The Collector-Little, Brown & Co (1963).epub
2025-05-31 15:51:50,680 - TTS - INFO - Loaded TTS engine plugin: azure-tts
2025-05-31 15:51:50,680 - TTS - INFO - Loaded TTS engine plugin: azure-tts
2025-05-31 15:51:50,681 - TTS - INFO - Loaded TTS engine plugin: edge-tts
2025-05-31 15:51:50,681 - TTS - INFO - Loaded TTS engine plugin: edge-tts
2025-05-31 15:51:50,681 - TTS - INFO - Loaded TTS engine plugin: elevenlabs
2025-05-31 15:51:50,681 - TTS - INFO - Loaded TTS engine plugin: elevenlabs
2025-05-31 15:51:50,682 - TTS - INFO - Loaded TTS engine plugin: gtts
2025-05-31 15:51:50,682 - TTS - INFO - Loaded TTS engine plugin: gtts
2025-05-31 15:51:50,688 - TTS - INFO - Universal TTS System initialized
2025-05-31 15:51:50,688 - TTS - INFO - Universal TTS System initialized
2025-05-31 15:51:50,691 - TTS - INFO - Processing file: John Fowles - The Collector-Little, Brown & Co (1963).epub
2025-05-31 15:51:50,691 - TTS - INFO - Processing file: John Fowles - The Collector-Little, Brown & Co (1963).epub
2025-05-31 15:51:50,868 - TTS - ERROR - Failed to get TTS engine edge-tts: 'str' object is not callable
2025-05-31 15:51:50,868 - TTS - ERROR - Failed to get TTS engine edge-tts: 'str' object is not callable
2025-05-31 15:53:53,036 - TTS - INFO - Loaded TTS engine plugin: azure-tts
2025-05-31 15:53:53,036 - TTS - INFO - Loaded TTS engine plugin: azure-tts
2025-05-31 15:53:53,040 - TTS - ERROR - Failed to load plugin edge_tts_engine.py: name 'EdgeTTSEngine' is not defined
2025-05-31 15:53:53,040 - TTS - ERROR - Failed to load plugin edge_tts_engine.py: name 'EdgeTTSEngine' is not defined
2025-05-31 15:53:53,044 - TTS - ERROR - Failed to load plugin elevenlabs_engine.py: name 'ElevenLabsEngine' is not defined
2025-05-31 15:53:53,044 - TTS - ERROR - Failed to load plugin elevenlabs_engine.py: name 'ElevenLabsEngine' is not defined
2025-05-31 15:53:53,048 - TTS - ERROR - Failed to load plugin gtts_engine.py: name 'GTTSEngine' is not defined
2025-05-31 15:53:53,048 - TTS - ERROR - Failed to load plugin gtts_engine.py: name 'GTTSEngine' is not defined
2025-05-31 15:53:53,056 - TTS - INFO - Universal TTS System initialized
2025-05-31 15:53:53,056 - TTS - INFO - Universal TTS System initialized
2025-05-31 15:53:53,057 - TTS - INFO - Processing file: John Fowles - The Collector-Little, Brown & Co (1963).epub
2025-05-31 15:53:53,057 - TTS - INFO - Processing file: John Fowles - The Collector-Little, Brown & Co (1963).epub
2025-05-31 15:53:53,194 - TTS - ERROR - TTS engine not found: edge-tts
2025-05-31 15:53:53,194 - TTS - ERROR - TTS engine not found: edge-tts
2025-05-31 15:54:41,813 - TTS - INFO - Loaded TTS engine plugin: azure-tts
2025-05-31 15:54:41,813 - TTS - INFO - Loaded TTS engine plugin: azure-tts
2025-05-31 15:54:41,813 - TTS - INFO - Loaded TTS engine plugin: edge-tts
2025-05-31 15:54:41,813 - TTS - INFO - Loaded TTS engine plugin: edge-tts
2025-05-31 15:54:41,814 - TTS - INFO - Loaded TTS engine plugin: elevenlabs
2025-05-31 15:54:41,814 - TTS - INFO - Loaded TTS engine plugin: elevenlabs
2025-05-31 15:54:41,815 - TTS - INFO - Loaded TTS engine plugin: gtts
2025-05-31 15:54:41,815 - TTS - INFO - Loaded TTS engine plugin: gtts
2025-05-31 15:54:41,822 - TTS - INFO - Universal TTS System initialized
2025-05-31 15:54:41,822 - TTS - INFO - Universal TTS System initialized
2025-05-31 15:54:41,823 - TTS - INFO - Processing file: John Fowles - The Collector-Little, Brown & Co (1963).epub
2025-05-31 15:54:41,823 - TTS - INFO - Processing file: John Fowles - The Collector-Little, Brown & Co (1963).epub
2025-05-31 15:55:05,846 - TTS - INFO - Loaded TTS engine plugin: azure-tts
2025-05-31 15:55:05,846 - TTS - INFO - Loaded TTS engine plugin: azure-tts
2025-05-31 15:55:05,847 - TTS - INFO - Loaded TTS engine plugin: edge-tts
2025-05-31 15:55:05,847 - TTS - INFO - Loaded TTS engine plugin: edge-tts
2025-05-31 15:55:05,848 - TTS - INFO - Loaded TTS engine plugin: elevenlabs
2025-05-31 15:55:05,848 - TTS - INFO - Loaded TTS engine plugin: elevenlabs
2025-05-31 15:55:05,849 - TTS - INFO - Loaded TTS engine plugin: gtts
2025-05-31 15:55:05,849 - TTS - INFO - Loaded TTS engine plugin: gtts
2025-05-31 15:55:05,861 - TTS - INFO - Universal TTS System initialized
2025-05-31 15:55:05,861 - TTS - INFO - Universal TTS System initialized
2025-05-31 15:55:05,862 - TTS - INFO - Processing file: John Fowles - The Collector-Little, Brown & Co (1963).epub
2025-05-31 15:55:05,862 - TTS - INFO - Processing file: John Fowles - The Collector-Little, Brown & Co (1963).epub
2025-05-31 15:55:26,516 - TTS - INFO - Loaded TTS engine plugin: azure-tts
2025-05-31 15:55:26,516 - TTS - INFO - Loaded TTS engine plugin: azure-tts
2025-05-31 15:55:26,517 - TTS - INFO - Loaded TTS engine plugin: edge-tts
2025-05-31 15:55:26,517 - TTS - INFO - Loaded TTS engine plugin: edge-tts
2025-05-31 15:55:26,518 - TTS - INFO - Loaded TTS engine plugin: elevenlabs
2025-05-31 15:55:26,518 - TTS - INFO - Loaded TTS engine plugin: elevenlabs
2025-05-31 15:55:26,518 - TTS - INFO - Loaded TTS engine plugin: gtts
2025-05-31 15:55:26,518 - TTS - INFO - Loaded TTS engine plugin: gtts
2025-05-31 15:55:26,526 - TTS - INFO - Universal TTS System initialized
2025-05-31 15:55:26,526 - TTS - INFO - Universal TTS System initialized
2025-05-31 15:55:26,528 - TTS - INFO - Processing file: John Fowles - The Collector-Little, Brown & Co (1963).epub
2025-05-31 15:55:26,528 - TTS - INFO - Processing file: John Fowles - The Collector-Little, Brown & Co (1963).epub
2025-05-31 15:55:58,574 - TTS - INFO - Loaded TTS engine plugin: azure-tts
2025-05-31 15:55:58,574 - TTS - INFO - Loaded TTS engine plugin: azure-tts
2025-05-31 15:55:58,575 - TTS - INFO - Loaded TTS engine plugin: edge-tts
2025-05-31 15:55:58,575 - TTS - INFO - Loaded TTS engine plugin: edge-tts
2025-05-31 15:55:58,576 - TTS - INFO - Loaded TTS engine plugin: elevenlabs
2025-05-31 15:55:58,576 - TTS - INFO - Loaded TTS engine plugin: elevenlabs
2025-05-31 15:55:58,577 - TTS - INFO - Loaded TTS engine plugin: gtts
2025-05-31 15:55:58,577 - TTS - INFO - Loaded TTS engine plugin: gtts
2025-05-31 15:55:58,587 - TTS - INFO - Universal TTS System initialized
2025-05-31 15:55:58,587 - TTS - INFO - Universal TTS System initialized
2025-05-31 15:55:58,590 - TTS - INFO - Processing file: John Fowles - The Collector-Little, Brown & Co (1963).epub
2025-05-31 15:55:58,590 - TTS - INFO - Processing file: John Fowles - The Collector-Little, Brown & Co (1963).epub
2025-05-31 15:56:25,221 - TTS - INFO - Loaded TTS engine plugin: azure-tts
2025-05-31 15:56:25,221 - TTS - INFO - Loaded TTS engine plugin: azure-tts
2025-05-31 15:56:25,222 - TTS - INFO - Loaded TTS engine plugin: edge-tts
2025-05-31 15:56:25,222 - TTS - INFO - Loaded TTS engine plugin: edge-tts
2025-05-31 15:56:25,223 - TTS - INFO - Loaded TTS engine plugin: elevenlabs
2025-05-31 15:56:25,223 - TTS - INFO - Loaded TTS engine plugin: elevenlabs
2025-05-31 15:56:25,224 - TTS - INFO - Loaded TTS engine plugin: gtts
2025-05-31 15:56:25,224 - TTS - INFO - Loaded TTS engine plugin: gtts
2025-05-31 15:56:25,235 - TTS - INFO - Universal TTS System initialized
2025-05-31 15:56:25,235 - TTS - INFO - Universal TTS System initialized
2025-05-31 15:56:25,238 - TTS - INFO - Processing file: John Fowles - The Collector-Little, Brown & Co (1963).epub
2025-05-31 15:56:25,238 - TTS - INFO - Processing file: John Fowles - The Collector-Little, Brown & Co (1963).epub
2025-05-31 15:59:38,973 - TTS - INFO - Loaded TTS engine plugin: azure-tts
2025-05-31 15:59:38,973 - TTS - INFO - Loaded TTS engine plugin: azure-tts
2025-05-31 15:59:38,974 - TTS - INFO - Loaded TTS engine plugin: edge-tts
2025-05-31 15:59:38,974 - TTS - INFO - Loaded TTS engine plugin: edge-tts
2025-05-31 15:59:38,975 - TTS - INFO - Loaded TTS engine plugin: elevenlabs
2025-05-31 15:59:38,975 - TTS - INFO - Loaded TTS engine plugin: elevenlabs
2025-05-31 15:59:38,976 - TTS - INFO - Loaded TTS engine plugin: gtts
2025-05-31 15:59:38,976 - TTS - INFO - Loaded TTS engine plugin: gtts
2025-05-31 15:59:38,986 - TTS - INFO - Universal TTS System initialized
2025-05-31 15:59:38,986 - TTS - INFO - Universal TTS System initialized
2025-05-31 15:59:38,987 - TTS - INFO - Processing file: John Fowles - The Collector-Little, Brown & Co (1963).epub
2025-05-31 15:59:38,987 - TTS - INFO - Processing file: John Fowles - The Collector-Little, Brown & Co (1963).epub
2025-05-31 16:03:42,631 - TTS - INFO - Loaded TTS engine plugin: azure-tts
2025-05-31 16:03:42,631 - TTS - INFO - Loaded TTS engine plugin: azure-tts
2025-05-31 16:03:42,632 - TTS - INFO - Loaded TTS engine plugin: edge-tts
2025-05-31 16:03:42,632 - TTS - INFO - Loaded TTS engine plugin: edge-tts
2025-05-31 16:03:42,632 - TTS - INFO - Loaded TTS engine plugin: elevenlabs
2025-05-31 16:03:42,632 - TTS - INFO - Loaded TTS engine plugin: elevenlabs
2025-05-31 16:03:42,632 - TTS - INFO - Loaded TTS engine plugin: gtts
2025-05-31 16:03:42,632 - TTS - INFO - Loaded TTS engine plugin: gtts
2025-05-31 16:03:42,640 - TTS - INFO - Universal TTS System initialized
2025-05-31 16:03:42,640 - TTS - INFO - Universal TTS System initialized
2025-05-31 16:03:42,642 - TTS - INFO - Processing file: John Fowles - The Collector-Little, Brown & Co (1963).epub
2025-05-31 16:03:42,642 - TTS - INFO - Processing file: John Fowles - The Collector-Little, Brown & Co (1963).epub
2025-05-31 16:54:45,858 - TTS - INFO - Loaded TTS engine plugin: azure-tts
2025-05-31 16:54:45,858 - TTS - INFO - Loaded TTS engine plugin: azure-tts
2025-05-31 16:54:45,859 - TTS - INFO - Loaded TTS engine plugin: edge-tts
2025-05-31 16:54:45,859 - TTS - INFO - Loaded TTS engine plugin: edge-tts
2025-05-31 16:54:45,860 - TTS - INFO - Loaded TTS engine plugin: elevenlabs
2025-05-31 16:54:45,860 - TTS - INFO - Loaded TTS engine plugin: elevenlabs
2025-05-31 16:54:45,861 - TTS - INFO - Loaded TTS engine plugin: gtts
2025-05-31 16:54:45,861 - TTS - INFO - Loaded TTS engine plugin: gtts
2025-05-31 16:54:45,871 - TTS - INFO - Universal TTS System initialized
2025-05-31 16:54:45,871 - TTS - INFO - Universal TTS System initialized
2025-05-31 16:54:45,872 - TTS - INFO - Processing file: John Fowles - The Collector-Little, Brown & Co (1963).epub
2025-05-31 16:54:45,872 - TTS - INFO - Processing file: John Fowles - The Collector-Little, Brown & Co (1963).epub
2025-05-31 16:54:50,494 - TTS - INFO - Loaded TTS engine plugin: azure-tts
2025-05-31 16:54:50,494 - TTS - INFO - Loaded TTS engine plugin: azure-tts
2025-05-31 16:54:50,495 - TTS - INFO - Loaded TTS engine plugin: edge-tts
2025-05-31 16:54:50,495 - TTS - INFO - Loaded TTS engine plugin: edge-tts
2025-05-31 16:54:50,495 - TTS - INFO - Loaded TTS engine plugin: elevenlabs
2025-05-31 16:54:50,495 - TTS - INFO - Loaded TTS engine plugin: elevenlabs
2025-05-31 16:54:50,496 - TTS - INFO - Loaded TTS engine plugin: gtts
2025-05-31 16:54:50,496 - TTS - INFO - Loaded TTS engine plugin: gtts
2025-05-31 16:54:50,502 - TTS - INFO - Universal TTS System initialized
2025-05-31 16:54:50,502 - TTS - INFO - Universal TTS System initialized
2025-05-31 16:54:50,503 - TTS - INFO - Processing file: John Fowles - The Collector-Little, Brown & Co (1963).epub
2025-05-31 16:54:50,503 - TTS - INFO - Processing file: John Fowles - The Collector-Little, Brown & Co (1963).epub
2025-05-31 16:55:04,661 - TTS - INFO - Loaded TTS engine plugin: azure-tts
2025-05-31 16:55:04,661 - TTS - INFO - Loaded TTS engine plugin: azure-tts
2025-05-31 16:55:04,661 - TTS - INFO - Loaded TTS engine plugin: edge-tts
2025-05-31 16:55:04,661 - TTS - INFO - Loaded TTS engine plugin: edge-tts
2025-05-31 16:55:04,662 - TTS - INFO - Loaded TTS engine plugin: elevenlabs
2025-05-31 16:55:04,662 - TTS - INFO - Loaded TTS engine plugin: elevenlabs
2025-05-31 16:55:04,663 - TTS - INFO - Loaded TTS engine plugin: gtts
2025-05-31 16:55:04,663 - TTS - INFO - Loaded TTS engine plugin: gtts
2025-05-31 16:55:04,669 - TTS - INFO - Universal TTS System initialized
2025-05-31 16:55:04,669 - TTS - INFO - Universal TTS System initialized
2025-05-31 16:55:04,671 - TTS - INFO - Processing file: John Fowles - The Collector-Little, Brown & Co (1963).epub
2025-05-31 16:55:04,671 - TTS - INFO - Processing file: John Fowles - The Collector-Little, Brown & Co (1963).epub
2025-05-31 23:08:38,035 - TTS - INFO - Loaded TTS engine plugin: azure-tts
2025-05-31 23:08:38,035 - TTS - INFO - Loaded TTS engine plugin: azure-tts
2025-05-31 23:08:38,037 - TTS - INFO - Loaded TTS engine plugin: edge-tts
2025-05-31 23:08:38,037 - TTS - INFO - Loaded TTS engine plugin: edge-tts
2025-05-31 23:08:38,039 - TTS - INFO - Loaded TTS engine plugin: elevenlabs
2025-05-31 23:08:38,039 - TTS - INFO - Loaded TTS engine plugin: elevenlabs
2025-05-31 23:08:38,040 - TTS - INFO - Loaded TTS engine plugin: gtts
2025-05-31 23:08:38,040 - TTS - INFO - Loaded TTS engine plugin: gtts
2025-05-31 23:08:38,061 - TTS - INFO - Universal TTS System initialized
2025-05-31 23:08:38,061 - TTS - INFO - Universal TTS System initialized
2025-05-31 23:08:38,063 - TTS - INFO - Processing file: John Fowles - The Collector-Little, Brown & Co (1963).epub
2025-05-31 23:08:38,063 - TTS - INFO - Processing file: John Fowles - The Collector-Little, Brown & Co (1963).epub
2025-05-31 23:12:44,058 - TTS - INFO - Loaded TTS engine plugin: azure-tts
2025-05-31 23:12:44,058 - TTS - INFO - Loaded TTS engine plugin: azure-tts
2025-05-31 23:12:44,059 - TTS - INFO - Loaded TTS engine plugin: edge-tts
2025-05-31 23:12:44,059 - TTS - INFO - Loaded TTS engine plugin: edge-tts
2025-05-31 23:12:44,061 - TTS - INFO - Loaded TTS engine plugin: elevenlabs
2025-05-31 23:12:44,061 - TTS - INFO - Loaded TTS engine plugin: elevenlabs
2025-05-31 23:12:44,063 - TTS - INFO - Loaded TTS engine plugin: gtts
2025-05-31 23:12:44,063 - TTS - INFO - Loaded TTS engine plugin: gtts
2025-05-31 23:12:44,084 - TTS - INFO - Universal TTS System initialized
2025-05-31 23:12:44,084 - TTS - INFO - Universal TTS System initialized
2025-05-31 23:12:44,088 - TTS - INFO - Processing file: John Fowles - The Collector-Little, Brown & Co (1963).epub
2025-05-31 23:12:44,088 - TTS - INFO - Processing file: John Fowles - The Collector-Little, Brown & Co (1963).epub
2025-05-31 23:14:56,504 - TTS - INFO - Loaded TTS engine plugin: azure-tts
2025-05-31 23:14:56,504 - TTS - INFO - Loaded TTS engine plugin: azure-tts
2025-05-31 23:14:56,505 - TTS - INFO - Loaded TTS engine plugin: edge-tts
2025-05-31 23:14:56,505 - TTS - INFO - Loaded TTS engine plugin: edge-tts
2025-05-31 23:14:56,507 - TTS - INFO - Loaded TTS engine plugin: elevenlabs
2025-05-31 23:14:56,507 - TTS - INFO - Loaded TTS engine plugin: elevenlabs
2025-05-31 23:14:56,508 - TTS - INFO - Loaded TTS engine plugin: gtts
2025-05-31 23:14:56,508 - TTS - INFO - Loaded TTS engine plugin: gtts
2025-05-31 23:14:56,536 - TTS - INFO - Universal TTS System initialized
2025-05-31 23:14:56,536 - TTS - INFO - Universal TTS System initialized
2025-05-31 23:14:56,539 - TTS - INFO - Processing file: John Fowles - The Collector-Little, Brown & Co (1963).epub
2025-05-31 23:14:56,539 - TTS - INFO - Processing file: John Fowles - The Collector-Little, Brown & Co (1963).epub
2025-05-31 23:25:36,224 - TTS - INFO - Loaded TTS engine plugin: azure-tts
2025-05-31 23:25:36,224 - TTS - INFO - Loaded TTS engine plugin: azure-tts
2025-05-31 23:25:36,226 - TTS - INFO - Loaded TTS engine plugin: edge-tts
2025-05-31 23:25:36,226 - TTS - INFO - Loaded TTS engine plugin: edge-tts
2025-05-31 23:25:36,228 - TTS - INFO - Loaded TTS engine plugin: elevenlabs
2025-05-31 23:25:36,228 - TTS - INFO - Loaded TTS engine plugin: elevenlabs
2025-05-31 23:25:36,230 - TTS - INFO - Loaded TTS engine plugin: gtts
2025-05-31 23:25:36,230 - TTS - INFO - Loaded TTS engine plugin: gtts
2025-05-31 23:25:36,261 - TTS - INFO - Universal TTS System initialized
2025-05-31 23:25:36,261 - TTS - INFO - Universal TTS System initialized
2025-05-31 23:25:36,261 - TTS - INFO - Universal TTS System initialized
2025-05-31 23:25:36,265 - TTS - INFO - Processing file: John Fowles - The Collector-Little, Brown & Co (1963).epub
2025-05-31 23:25:36,265 - TTS - INFO - Processing file: John Fowles - The Collector-Little, Brown & Co (1963).epub
2025-05-31 23:25:36,265 - TTS - INFO - Processing file: John Fowles - The Collector-Little, Brown & Co (1963).epub
2025-05-31 23:25:36,304 - TTS - ERROR - Error reading EPUB file: module 'ebooklib.epub' has no attribute 'ITEM_DOCUMENT'
2025-05-31 23:25:36,304 - TTS - ERROR - Error reading EPUB file: module 'ebooklib.epub' has no attribute 'ITEM_DOCUMENT'
2025-05-31 23:25:36,304 - TTS - ERROR - Error reading EPUB file: module 'ebooklib.epub' has no attribute 'ITEM_DOCUMENT'
2025-05-31 23:26:05,722 - TTS - INFO - Loaded TTS engine plugin: azure-tts
2025-05-31 23:26:05,722 - TTS - INFO - Loaded TTS engine plugin: azure-tts
2025-05-31 23:26:05,724 - TTS - INFO - Loaded TTS engine plugin: edge-tts
2025-05-31 23:26:05,724 - TTS - INFO - Loaded TTS engine plugin: edge-tts
2025-05-31 23:26:05,726 - TTS - INFO - Loaded TTS engine plugin: elevenlabs
2025-05-31 23:26:05,726 - TTS - INFO - Loaded TTS engine plugin: elevenlabs
2025-05-31 23:26:05,727 - TTS - INFO - Loaded TTS engine plugin: gtts
2025-05-31 23:26:05,727 - TTS - INFO - Loaded TTS engine plugin: gtts
2025-05-31 23:26:05,749 - TTS - INFO - Universal TTS System initialized
2025-05-31 23:26:05,749 - TTS - INFO - Universal TTS System initialized
2025-05-31 23:26:05,749 - TTS - INFO - Universal TTS System initialized
2025-05-31 23:26:05,751 - TTS - INFO - Processing file: John Fowles - The Collector-Little, Brown & Co (1963).epub
2025-05-31 23:26:05,751 - TTS - INFO - Processing file: John Fowles - The Collector-Little, Brown & Co (1963).epub
2025-05-31 23:26:05,751 - TTS - INFO - Processing file: John Fowles - The Collector-Little, Brown & Co (1963).epub
2025-05-31 23:26:05,774 - TTS - ERROR - Error reading EPUB file: module 'ebooklib.epub' has no attribute 'ITEM_DOCUMENT'
2025-05-31 23:26:05,774 - TTS - ERROR - Error reading EPUB file: module 'ebooklib.epub' has no attribute 'ITEM_DOCUMENT'
2025-05-31 23:26:05,774 - TTS - ERROR - Error reading EPUB file: module 'ebooklib.epub' has no attribute 'ITEM_DOCUMENT'
2025-05-31 23:26:40,130 - TTS - INFO - Loaded TTS engine plugin: azure-tts
2025-05-31 23:26:40,130 - TTS - INFO - Loaded TTS engine plugin: azure-tts
2025-05-31 23:26:40,132 - TTS - INFO - Loaded TTS engine plugin: edge-tts
2025-05-31 23:26:40,132 - TTS - INFO - Loaded TTS engine plugin: edge-tts
2025-05-31 23:26:40,134 - TTS - INFO - Loaded TTS engine plugin: elevenlabs
2025-05-31 23:26:40,134 - TTS - INFO - Loaded TTS engine plugin: elevenlabs
2025-05-31 23:26:40,138 - TTS - INFO - Loaded TTS engine plugin: gtts
2025-05-31 23:26:40,138 - TTS - INFO - Loaded TTS engine plugin: gtts
2025-05-31 23:26:40,165 - TTS - INFO - Universal TTS System initialized
2025-05-31 23:26:40,165 - TTS - INFO - Universal TTS System initialized
2025-05-31 23:26:40,165 - TTS - INFO - Universal TTS System initialized
2025-05-31 23:26:40,171 - TTS - INFO - Processing file: John Fowles - The Collector-Little, Brown & Co (1963).epub
2025-05-31 23:26:40,171 - TTS - INFO - Processing file: John Fowles - The Collector-Little, Brown & Co (1963).epub
2025-05-31 23:26:40,171 - TTS - INFO - Processing file: John Fowles - The Collector-Little, Brown & Co (1963).epub
2025-05-31 23:26:41,912 - TTS - ERROR - Unexpected error processing John Fowles - The Collector-Little, Brown & Co (1963).epub: EdgeTTSEngine.text_to_file() got an unexpected keyword argument 'append'
2025-05-31 23:26:41,912 - TTS - ERROR - Unexpected error processing John Fowles - The Collector-Little, Brown & Co (1963).epub: EdgeTTSEngine.text_to_file() got an unexpected keyword argument 'append'
2025-05-31 23:26:41,912 - TTS - ERROR - Unexpected error processing John Fowles - The Collector-Little, Brown & Co (1963).epub: EdgeTTSEngine.text_to_file() got an unexpected keyword argument 'append'
2025-05-31 23:26:41,912 - TTS - ERROR - Unexpected error processing John Fowles - The Collector-Little, Brown & Co (1963).epub: EdgeTTSEngine.text_to_file() got an unexpected keyword argument 'append'
2025-05-31 23:27:54,771 - TTS - INFO - Loaded TTS engine plugin: azure-tts
2025-05-31 23:27:54,771 - TTS - INFO - Loaded TTS engine plugin: azure-tts
2025-05-31 23:27:54,772 - TTS - INFO - Loaded TTS engine plugin: edge-tts
2025-05-31 23:27:54,772 - TTS - INFO - Loaded TTS engine plugin: edge-tts
2025-05-31 23:27:54,773 - TTS - INFO - Loaded TTS engine plugin: elevenlabs
2025-05-31 23:27:54,773 - TTS - INFO - Loaded TTS engine plugin: elevenlabs
2025-05-31 23:27:54,775 - TTS - INFO - Loaded TTS engine plugin: gtts
2025-05-31 23:27:54,775 - TTS - INFO - Loaded TTS engine plugin: gtts
2025-05-31 23:27:54,794 - TTS - INFO - Universal TTS System initialized
2025-05-31 23:27:54,794 - TTS - INFO - Universal TTS System initialized
2025-05-31 23:27:54,794 - TTS - INFO - Universal TTS System initialized
2025-05-31 23:27:54,797 - TTS - INFO - Processing file: John Fowles - The Collector-Little, Brown & Co (1963).epub
2025-05-31 23:27:54,797 - TTS - INFO - Processing file: John Fowles - The Collector-Little, Brown & Co (1963).epub
2025-05-31 23:27:54,797 - TTS - INFO - Processing file: John Fowles - The Collector-Little, Brown & Co (1963).epub
2025-05-31 23:27:55,297 - TTS - ERROR - Failed to get TTS engine pyttsx3: Can't instantiate abstract class PyTTSx3Engine without an implementation for abstract method 'get_supported_languages'
2025-05-31 23:27:55,297 - TTS - ERROR - Failed to get TTS engine pyttsx3: Can't instantiate abstract class PyTTSx3Engine without an implementation for abstract method 'get_supported_languages'
2025-05-31 23:27:55,297 - TTS - ERROR - Failed to get TTS engine pyttsx3: Can't instantiate abstract class PyTTSx3Engine without an implementation for abstract method 'get_supported_languages'
2025-05-31 23:28:26,292 - TTS - INFO - Loaded TTS engine plugin: azure-tts
2025-05-31 23:28:26,292 - TTS - INFO - Loaded TTS engine plugin: azure-tts
2025-05-31 23:28:26,293 - TTS - INFO - Loaded TTS engine plugin: edge-tts
2025-05-31 23:28:26,293 - TTS - INFO - Loaded TTS engine plugin: edge-tts
2025-05-31 23:28:26,294 - TTS - INFO - Loaded TTS engine plugin: elevenlabs
2025-05-31 23:28:26,294 - TTS - INFO - Loaded TTS engine plugin: elevenlabs
2025-05-31 23:28:26,295 - TTS - INFO - Loaded TTS engine plugin: gtts
2025-05-31 23:28:26,295 - TTS - INFO - Loaded TTS engine plugin: gtts
2025-05-31 23:28:26,309 - TTS - INFO - Universal TTS System initialized
2025-05-31 23:28:26,309 - TTS - INFO - Universal TTS System initialized
2025-05-31 23:28:26,309 - TTS - INFO - Universal TTS System initialized
2025-05-31 23:28:26,311 - TTS - INFO - Processing file: John Fowles - The Collector-Little, Brown & Co (1963).epub
2025-05-31 23:28:26,311 - TTS - INFO - Processing file: John Fowles - The Collector-Little, Brown & Co (1963).epub
2025-05-31 23:28:26,311 - TTS - INFO - Processing file: John Fowles - The Collector-Little, Brown & Co (1963).epub
2025-05-31 23:49:14,622 - TTS - INFO - Audio saved to: John Fowles - The Collector-Little, Brown & Co (1963)_output.wav
2025-05-31 23:49:14,622 - TTS - INFO - Audio saved to: John Fowles - The Collector-Little, Brown & Co (1963)_output.wav
2025-05-31 23:49:14,622 - TTS - INFO - Audio saved to: John Fowles - The Collector-Little, Brown & Co (1963)_output.wav
2025-05-31 23:49:55,389 - TTS - INFO - Loaded TTS engine plugin: azure-tts
2025-05-31 23:49:55,389 - TTS - INFO - Loaded TTS engine plugin: azure-tts
2025-05-31 23:49:55,390 - TTS - INFO - Loaded TTS engine plugin: edge-tts
2025-05-31 23:49:55,390 - TTS - INFO - Loaded TTS engine plugin: edge-tts
2025-05-31 23:49:55,391 - TTS - INFO - Loaded TTS engine plugin: elevenlabs
2025-05-31 23:49:55,391 - TTS - INFO - Loaded TTS engine plugin: elevenlabs
2025-05-31 23:49:55,392 - TTS - INFO - Loaded TTS engine plugin: gtts
2025-05-31 23:49:55,392 - TTS - INFO - Loaded TTS engine plugin: gtts
2025-05-31 23:49:55,409 - TTS - INFO - Universal TTS System initialized
2025-05-31 23:49:55,409 - TTS - INFO - Universal TTS System initialized
2025-05-31 23:49:55,409 - TTS - INFO - Universal TTS System initialized
2025-05-31 23:49:55,410 - TTS - INFO - Processing file: John Fowles - The Collector-Little, Brown & Co (1963).epub
2025-05-31 23:49:55,410 - TTS - INFO - Processing file: John Fowles - The Collector-Little, Brown & Co (1963).epub
2025-05-31 23:49:55,410 - TTS - INFO - Processing file: John Fowles - The Collector-Little, Brown & Co (1963).epub
2025-05-31 23:49:55,921 - TTS - ERROR - Failed to get TTS engine pyttsx3: Can't instantiate abstract class PyTTSx3Engine without an implementation for abstract method 'get_supported_languages'
2025-05-31 23:49:55,921 - TTS - ERROR - Failed to get TTS engine pyttsx3: Can't instantiate abstract class PyTTSx3Engine without an implementation for abstract method 'get_supported_languages'
2025-05-31 23:49:55,921 - TTS - ERROR - Failed to get TTS engine pyttsx3: Can't instantiate abstract class PyTTSx3Engine without an implementation for abstract method 'get_supported_languages'
2025-05-31 23:51:32,260 - TTS - INFO - Loaded TTS engine plugin: azure-tts
2025-05-31 23:51:32,260 - TTS - INFO - Loaded TTS engine plugin: azure-tts
2025-05-31 23:51:32,261 - TTS - INFO - Loaded TTS engine plugin: edge-tts
2025-05-31 23:51:32,261 - TTS - INFO - Loaded TTS engine plugin: edge-tts
2025-05-31 23:51:32,262 - TTS - INFO - Loaded TTS engine plugin: elevenlabs
2025-05-31 23:51:32,262 - TTS - INFO - Loaded TTS engine plugin: elevenlabs
2025-05-31 23:51:32,262 - TTS - INFO - Loaded TTS engine plugin: gtts
2025-05-31 23:51:32,262 - TTS - INFO - Loaded TTS engine plugin: gtts
2025-05-31 23:51:32,273 - TTS - INFO - Universal TTS System initialized
2025-05-31 23:51:32,273 - TTS - INFO - Universal TTS System initialized
2025-05-31 23:51:32,273 - TTS - INFO - Universal TTS System initialized
2025-05-31 23:51:32,275 - TTS - INFO - Processing file: John Fowles - The Collector-Little, Brown & Co (1963).epub
2025-05-31 23:51:32,275 - TTS - INFO - Processing file: John Fowles - The Collector-Little, Brown & Co (1963).epub
2025-05-31 23:51:32,275 - TTS - INFO - Processing file: John Fowles - The Collector-Little, Brown & Co (1963).epub
2025-05-31 23:51:32,478 - TTS - ERROR - Failed to get TTS engine pyttsx3: Can't instantiate abstract class PyTTSx3Engine without an implementation for abstract method 'get_supported_languages'
2025-05-31 23:51:32,478 - TTS - ERROR - Failed to get TTS engine pyttsx3: Can't instantiate abstract class PyTTSx3Engine without an implementation for abstract method 'get_supported_languages'
2025-05-31 23:51:32,478 - TTS - ERROR - Failed to get TTS engine pyttsx3: Can't instantiate abstract class PyTTSx3Engine without an implementation for abstract method 'get_supported_languages'
2025-05-31 23:51:57,308 - TTS - INFO - Loaded TTS engine plugin: azure-tts
2025-05-31 23:51:57,308 - TTS - INFO - Loaded TTS engine plugin: azure-tts
2025-05-31 23:51:57,308 - TTS - INFO - Loaded TTS engine plugin: edge-tts
2025-05-31 23:51:57,308 - TTS - INFO - Loaded TTS engine plugin: edge-tts
2025-05-31 23:51:57,309 - TTS - INFO - Loaded TTS engine plugin: elevenlabs
2025-05-31 23:51:57,309 - TTS - INFO - Loaded TTS engine plugin: elevenlabs
2025-05-31 23:51:57,309 - TTS - INFO - Loaded TTS engine plugin: gtts
2025-05-31 23:51:57,309 - TTS - INFO - Loaded TTS engine plugin: gtts
2025-05-31 23:51:57,319 - TTS - INFO - Universal TTS System initialized
2025-05-31 23:51:57,319 - TTS - INFO - Universal TTS System initialized
2025-05-31 23:51:57,319 - TTS - INFO - Universal TTS System initialized
2025-05-31 23:51:57,320 - TTS - INFO - Processing file: John Fowles - The Collector-Little, Brown & Co (1963).epub
2025-05-31 23:51:57,320 - TTS - INFO - Processing file: John Fowles - The Collector-Little, Brown & Co (1963).epub
2025-05-31 23:51:57,320 - TTS - INFO - Processing file: John Fowles - The Collector-Little, Brown & Co (1963).epub
2025-05-31 23:55:28,053 - TTS - INFO - Loaded TTS engine plugin: azure-tts
2025-05-31 23:55:28,053 - TTS - INFO - Loaded TTS engine plugin: azure-tts
2025-05-31 23:55:28,054 - TTS - INFO - Loaded TTS engine plugin: edge-tts
2025-05-31 23:55:28,054 - TTS - INFO - Loaded TTS engine plugin: edge-tts
2025-05-31 23:55:28,055 - TTS - INFO - Loaded TTS engine plugin: elevenlabs
2025-05-31 23:55:28,055 - TTS - INFO - Loaded TTS engine plugin: elevenlabs
2025-05-31 23:55:28,057 - TTS - INFO - Loaded TTS engine plugin: gtts
2025-05-31 23:55:28,057 - TTS - INFO - Loaded TTS engine plugin: gtts
2025-05-31 23:55:28,069 - TTS - INFO - Universal TTS System initialized
2025-05-31 23:55:28,069 - TTS - INFO - Universal TTS System initialized
2025-05-31 23:55:28,069 - TTS - INFO - Universal TTS System initialized
2025-05-31 23:55:28,070 - TTS - INFO - Processing file: John Fowles - The Collector-Little, Brown & Co (1963).epub
2025-05-31 23:55:28,070 - TTS - INFO - Processing file: John Fowles - The Collector-Little, Brown & Co (1963).epub
2025-05-31 23:55:28,070 - TTS - INFO - Processing file: John Fowles - The Collector-Little, Brown & Co (1963).epub
2025-06-01 00:14:12,769 - TTS - INFO - Audio saved to: John Fowles - The Collector-Little, Brown & Co (1963)_output.wav
2025-06-01 00:14:12,769 - TTS - INFO - Audio saved to: John Fowles - The Collector-Little, Brown & Co (1963)_output.wav
2025-06-01 00:14:12,769 - TTS - INFO - Audio saved to: John Fowles - The Collector-Little, Brown & Co (1963)_output.wav
2025-06-01 10:03:45,663 - TTS - INFO - Loaded TTS engine plugin: azure-tts
2025-06-01 10:03:45,663 - TTS - INFO - Loaded TTS engine plugin: azure-tts
2025-06-01 10:03:45,664 - TTS - INFO - Loaded TTS engine plugin: edge-tts
2025-06-01 10:03:45,664 - TTS - INFO - Loaded TTS engine plugin: edge-tts
2025-06-01 10:03:45,665 - TTS - INFO - Loaded TTS engine plugin: elevenlabs
2025-06-01 10:03:45,665 - TTS - INFO - Loaded TTS engine plugin: elevenlabs
2025-06-01 10:03:45,666 - TTS - INFO - Loaded TTS engine plugin: gtts
2025-06-01 10:03:45,666 - TTS - INFO - Loaded TTS engine plugin: gtts
2025-06-01 10:03:45,679 - TTS - INFO - Universal TTS System initialized
2025-06-01 10:03:45,679 - TTS - INFO - Universal TTS System initialized
2025-06-01 10:03:45,679 - TTS - INFO - Universal TTS System initialized
2025-06-01 10:03:45,681 - TTS - INFO - Processing file: John Fowles - The Collector-Little, Brown & Co (1963).epub
2025-06-01 10:03:45,681 - TTS - INFO - Processing file: John Fowles - The Collector-Little, Brown & Co (1963).epub
2025-06-01 10:03:45,681 - TTS - INFO - Processing file: John Fowles - The Collector-Little, Brown & Co (1963).epub
2025-06-01 10:08:49,986 - TTS - INFO - Loaded TTS engine plugin: azure-tts
2025-06-01 10:08:49,986 - TTS - INFO - Loaded TTS engine plugin: azure-tts
2025-06-01 10:08:49,988 - TTS - INFO - Loaded TTS engine plugin: edge-tts
2025-06-01 10:08:49,988 - TTS - INFO - Loaded TTS engine plugin: edge-tts
2025-06-01 10:08:49,989 - TTS - INFO - Loaded TTS engine plugin: elevenlabs
2025-06-01 10:08:49,989 - TTS - INFO - Loaded TTS engine plugin: elevenlabs
2025-06-01 10:08:49,990 - TTS - INFO - Loaded TTS engine plugin: gtts
2025-06-01 10:08:49,990 - TTS - INFO - Loaded TTS engine plugin: gtts
2025-06-01 10:08:50,021 - TTS - INFO - Universal TTS System initialized
2025-06-01 10:08:50,021 - TTS - INFO - Universal TTS System initialized
2025-06-01 10:08:50,021 - TTS - INFO - Universal TTS System initialized
2025-06-01 10:08:50,023 - TTS - INFO - Processing file: John Fowles - The Collector-Little, Brown & Co (1963).epub
2025-06-01 10:08:50,023 - TTS - INFO - Processing file: John Fowles - The Collector-Little, Brown & Co (1963).epub
2025-06-01 10:08:50,023 - TTS - INFO - Processing file: John Fowles - The Collector-Little, Brown & Co (1963).epub
2025-06-01 10:11:06,208 - TTS - INFO - Loaded TTS engine plugin: azure-tts
2025-06-01 10:11:06,208 - TTS - INFO - Loaded TTS engine plugin: azure-tts
2025-06-01 10:11:06,208 - TTS - INFO - Loaded TTS engine plugin: edge-tts
2025-06-01 10:11:06,208 - TTS - INFO - Loaded TTS engine plugin: edge-tts
2025-06-01 10:11:06,209 - TTS - INFO - Loaded TTS engine plugin: elevenlabs
2025-06-01 10:11:06,209 - TTS - INFO - Loaded TTS engine plugin: elevenlabs
2025-06-01 10:11:06,210 - TTS - INFO - Loaded TTS engine plugin: gtts
2025-06-01 10:11:06,210 - TTS - INFO - Loaded TTS engine plugin: gtts
2025-06-01 10:11:06,222 - TTS - INFO - Universal TTS System initialized
2025-06-01 10:11:06,222 - TTS - INFO - Universal TTS System initialized
2025-06-01 10:11:06,222 - TTS - INFO - Universal TTS System initialized
2025-06-01 10:11:06,224 - TTS - INFO - Processing file: John Fowles - The Collector-Little, Brown & Co (1963).epub
2025-06-01 10:11:06,224 - TTS - INFO - Processing file: John Fowles - The Collector-Little, Brown & Co (1963).epub
2025-06-01 10:11:06,224 - TTS - INFO - Processing file: John Fowles - The Collector-Little, Brown & Co (1963).epub
2025-06-01 10:23:22,651 - TTS - INFO - Audio saved to: John Fowles - The Collector-Little, Brown & Co (1963)_1748752866_output.wav
2025-06-01 10:23:22,651 - TTS - INFO - Audio saved to: John Fowles - The Collector-Little, Brown & Co (1963)_1748752866_output.wav
2025-06-01 10:23:22,651 - TTS - INFO - Audio saved to: John Fowles - The Collector-Little, Brown & Co (1963)_1748752866_output.wav
2025-06-01 10:25:59,397 - TTS - INFO - Loaded TTS engine plugin: azure-tts
2025-06-01 10:25:59,397 - TTS - INFO - Loaded TTS engine plugin: azure-tts
2025-06-01 10:25:59,398 - TTS - INFO - Loaded TTS engine plugin: edge-tts
2025-06-01 10:25:59,398 - TTS - INFO - Loaded TTS engine plugin: edge-tts
2025-06-01 10:25:59,399 - TTS - INFO - Loaded TTS engine plugin: elevenlabs
2025-06-01 10:25:59,399 - TTS - INFO - Loaded TTS engine plugin: elevenlabs
2025-06-01 10:25:59,399 - TTS - INFO - Loaded TTS engine plugin: gtts
2025-06-01 10:25:59,399 - TTS - INFO - Loaded TTS engine plugin: gtts
2025-06-01 10:25:59,410 - TTS - INFO - Universal TTS System initialized
2025-06-01 10:25:59,410 - TTS - INFO - Universal TTS System initialized
2025-06-01 10:25:59,410 - TTS - INFO - Universal TTS System initialized
2025-06-01 10:25:59,412 - TTS - INFO - Processing file: John Fowles - The Collector-Little, Brown & Co (1963).epub
2025-06-01 10:25:59,412 - TTS - INFO - Processing file: John Fowles - The Collector-Little, Brown & Co (1963).epub
2025-06-01 10:25:59,412 - TTS - INFO - Processing file: John Fowles - The Collector-Little, Brown & Co (1963).epub
2025-06-01 10:30:22,749 - TTS - INFO - Loaded TTS engine plugin: azure-tts
2025-06-01 10:30:22,749 - TTS - INFO - Loaded TTS engine plugin: azure-tts
2025-06-01 10:30:22,750 - TTS - INFO - Loaded TTS engine plugin: edge-tts
2025-06-01 10:30:22,750 - TTS - INFO - Loaded TTS engine plugin: edge-tts
2025-06-01 10:30:22,750 - TTS - INFO - Loaded TTS engine plugin: elevenlabs
2025-06-01 10:30:22,750 - TTS - INFO - Loaded TTS engine plugin: elevenlabs
2025-06-01 10:30:22,751 - TTS - INFO - Loaded TTS engine plugin: gtts
2025-06-01 10:30:22,751 - TTS - INFO - Loaded TTS engine plugin: gtts
2025-06-01 10:30:22,760 - TTS - INFO - Universal TTS System initialized
2025-06-01 10:30:22,760 - TTS - INFO - Universal TTS System initialized
2025-06-01 10:30:22,760 - TTS - INFO - Universal TTS System initialized
2025-06-01 10:30:22,761 - TTS - INFO - Processing file: How to Talk to Anyone ( PDFDrive ).mobi
2025-06-01 10:30:22,761 - TTS - INFO - Processing file: How to Talk to Anyone ( PDFDrive ).mobi
2025-06-01 10:30:22,761 - TTS - INFO - Processing file: How to Talk to Anyone ( PDFDrive ).mobi
2025-06-01 10:30:22,848 - TTS - INFO - Loaded TTS engine plugin: azure-tts
2025-06-01 10:30:22,848 - TTS - INFO - Loaded TTS engine plugin: azure-tts
2025-06-01 10:30:22,849 - TTS - INFO - Loaded TTS engine plugin: edge-tts
2025-06-01 10:30:22,849 - TTS - INFO - Loaded TTS engine plugin: edge-tts
2025-06-01 10:30:22,849 - TTS - INFO - Loaded TTS engine plugin: elevenlabs
2025-06-01 10:30:22,849 - TTS - INFO - Loaded TTS engine plugin: elevenlabs
2025-06-01 10:30:22,850 - TTS - INFO - Loaded TTS engine plugin: gtts
2025-06-01 10:30:22,850 - TTS - INFO - Loaded TTS engine plugin: gtts
2025-06-01 10:30:22,858 - TTS - INFO - Loaded TTS engine plugin: azure-tts
2025-06-01 10:30:22,858 - TTS - INFO - Universal TTS System initialized
2025-06-01 10:30:22,858 - TTS - INFO - Loaded TTS engine plugin: azure-tts
2025-06-01 10:30:22,858 - TTS - INFO - Universal TTS System initialized
2025-06-01 10:30:22,859 - TTS - INFO - Loaded TTS engine plugin: edge-tts
2025-06-01 10:30:22,858 - TTS - INFO - Universal TTS System initialized
2025-06-01 10:30:22,859 - TTS - INFO - Loaded TTS engine plugin: edge-tts
2025-06-01 10:30:22,860 - TTS - INFO - Processing file: John Fowles - The Collector-Little, Brown & Co (1963).epub
2025-06-01 10:30:22,860 - TTS - INFO - Loaded TTS engine plugin: elevenlabs
2025-06-01 10:30:22,860 - TTS - INFO - Processing file: John Fowles - The Collector-Little, Brown & Co (1963).epub
2025-06-01 10:30:22,860 - TTS - INFO - Loaded TTS engine plugin: elevenlabs
2025-06-01 10:30:22,860 - TTS - INFO - Processing file: John Fowles - The Collector-Little, Brown & Co (1963).epub
2025-06-01 10:30:22,860 - TTS - INFO - Loaded TTS engine plugin: gtts
2025-06-01 10:30:22,860 - TTS - INFO - Loaded TTS engine plugin: gtts
2025-06-01 10:30:22,869 - TTS - INFO - Universal TTS System initialized
2025-06-01 10:30:22,869 - TTS - INFO - Universal TTS System initialized
2025-06-01 10:30:22,869 - TTS - INFO - Universal TTS System initialized
2025-06-01 10:30:22,870 - TTS - INFO - Processing file: _OceanofPDF.com_Control_Your_Mind_and_Master_Your_Feelings_-_Eric_Robertson.pdf
2025-06-01 10:30:22,870 - TTS - INFO - Processing file: _OceanofPDF.com_Control_Your_Mind_and_Master_Your_Feelings_-_Eric_Robertson.pdf
2025-06-01 10:30:22,870 - TTS - INFO - Processing file: _OceanofPDF.com_Control_Your_Mind_and_Master_Your_Feelings_-_Eric_Robertson.pdf
2025-06-01 10:30:24,210 - TTS - ERROR - Unexpected error processing John Fowles - The Collector-Little, Brown & Co (1963).epub: EdgeTTSEngine.text_to_file() got an unexpected keyword argument 'append'
2025-06-01 10:30:24,210 - TTS - ERROR - Unexpected error processing John Fowles - The Collector-Little, Brown & Co (1963).epub: EdgeTTSEngine.text_to_file() got an unexpected keyword argument 'append'
2025-06-01 10:30:24,210 - TTS - ERROR - Unexpected error processing John Fowles - The Collector-Little, Brown & Co (1963).epub: EdgeTTSEngine.text_to_file() got an unexpected keyword argument 'append'
2025-06-01 10:30:24,210 - TTS - ERROR - Unexpected error processing John Fowles - The Collector-Little, Brown & Co (1963).epub: EdgeTTSEngine.text_to_file() got an unexpected keyword argument 'append'
2025-06-01 10:31:03,223 - TTS - INFO - Loaded TTS engine plugin: azure-tts
2025-06-01 10:31:03,223 - TTS - INFO - Loaded TTS engine plugin: azure-tts
2025-06-01 10:31:03,224 - TTS - INFO - Loaded TTS engine plugin: edge-tts
2025-06-01 10:31:03,224 - TTS - INFO - Loaded TTS engine plugin: edge-tts
2025-06-01 10:31:03,224 - TTS - INFO - Loaded TTS engine plugin: elevenlabs
2025-06-01 10:31:03,224 - TTS - INFO - Loaded TTS engine plugin: elevenlabs
2025-06-01 10:31:03,225 - TTS - INFO - Loaded TTS engine plugin: gtts
2025-06-01 10:31:03,225 - TTS - INFO - Loaded TTS engine plugin: gtts
2025-06-01 10:31:03,234 - TTS - INFO - Universal TTS System initialized
2025-06-01 10:31:03,234 - TTS - INFO - Universal TTS System initialized
2025-06-01 10:31:03,234 - TTS - INFO - Universal TTS System initialized
2025-06-01 10:31:03,235 - TTS - INFO - Processing file: How to Talk to Anyone ( PDFDrive ).mobi
2025-06-01 10:31:03,235 - TTS - INFO - Processing file: How to Talk to Anyone ( PDFDrive ).mobi
2025-06-01 10:31:03,235 - TTS - INFO - Processing file: How to Talk to Anyone ( PDFDrive ).mobi
2025-06-01 10:31:03,300 - TTS - INFO - Loaded TTS engine plugin: azure-tts
2025-06-01 10:31:03,300 - TTS - INFO - Loaded TTS engine plugin: azure-tts
2025-06-01 10:31:03,301 - TTS - INFO - Loaded TTS engine plugin: edge-tts
2025-06-01 10:31:03,301 - TTS - INFO - Loaded TTS engine plugin: edge-tts
2025-06-01 10:31:03,301 - TTS - INFO - Loaded TTS engine plugin: elevenlabs
2025-06-01 10:31:03,301 - TTS - INFO - Loaded TTS engine plugin: elevenlabs
2025-06-01 10:31:03,302 - TTS - INFO - Loaded TTS engine plugin: gtts
2025-06-01 10:31:03,302 - TTS - INFO - Loaded TTS engine plugin: gtts
2025-06-01 10:31:03,311 - TTS - INFO - Universal TTS System initialized
2025-06-01 10:31:03,311 - TTS - INFO - Universal TTS System initialized
2025-06-01 10:31:03,311 - TTS - INFO - Universal TTS System initialized
2025-06-01 10:31:03,312 - TTS - INFO - Processing file: John Fowles - The Collector-Little, Brown & Co (1963).epub
2025-06-01 10:31:03,312 - TTS - INFO - Processing file: John Fowles - The Collector-Little, Brown & Co (1963).epub
2025-06-01 10:31:03,312 - TTS - INFO - Processing file: John Fowles - The Collector-Little, Brown & Co (1963).epub
2025-06-01 10:31:03,325 - TTS - INFO - Loaded TTS engine plugin: azure-tts
2025-06-01 10:31:03,325 - TTS - INFO - Loaded TTS engine plugin: azure-tts
2025-06-01 10:31:03,326 - TTS - INFO - Loaded TTS engine plugin: edge-tts
2025-06-01 10:31:03,326 - TTS - INFO - Loaded TTS engine plugin: edge-tts
2025-06-01 10:31:03,327 - TTS - INFO - Loaded TTS engine plugin: elevenlabs
2025-06-01 10:31:03,327 - TTS - INFO - Loaded TTS engine plugin: elevenlabs
2025-06-01 10:31:03,327 - TTS - INFO - Loaded TTS engine plugin: gtts
2025-06-01 10:31:03,327 - TTS - INFO - Loaded TTS engine plugin: gtts
2025-06-01 10:31:03,336 - TTS - INFO - Universal TTS System initialized
2025-06-01 10:31:03,336 - TTS - INFO - Universal TTS System initialized
2025-06-01 10:31:03,336 - TTS - INFO - Universal TTS System initialized
2025-06-01 10:31:03,337 - TTS - INFO - Processing file: _OceanofPDF.com_Control_Your_Mind_and_Master_Your_Feelings_-_Eric_Robertson.pdf
2025-06-01 10:31:03,337 - TTS - INFO - Processing file: _OceanofPDF.com_Control_Your_Mind_and_Master_Your_Feelings_-_Eric_Robertson.pdf
2025-06-01 10:31:03,337 - TTS - INFO - Processing file: _OceanofPDF.com_Control_Your_Mind_and_Master_Your_Feelings_-_Eric_Robertson.pdf
2025-06-01 10:31:04,492 - TTS - ERROR - Unexpected error processing John Fowles - The Collector-Little, Brown & Co (1963).epub: EdgeTTSEngine.text_to_file() got an unexpected keyword argument 'append'
2025-06-01 10:31:04,492 - TTS - ERROR - Unexpected error processing John Fowles - The Collector-Little, Brown & Co (1963).epub: EdgeTTSEngine.text_to_file() got an unexpected keyword argument 'append'
2025-06-01 10:31:04,492 - TTS - ERROR - Unexpected error processing John Fowles - The Collector-Little, Brown & Co (1963).epub: EdgeTTSEngine.text_to_file() got an unexpected keyword argument 'append'
2025-06-01 10:31:04,492 - TTS - ERROR - Unexpected error processing John Fowles - The Collector-Little, Brown & Co (1963).epub: EdgeTTSEngine.text_to_file() got an unexpected keyword argument 'append'
2025-06-01 10:33:25,664 - TTS - INFO - Loaded TTS engine plugin: azure-tts
2025-06-01 10:33:25,664 - TTS - INFO - Loaded TTS engine plugin: azure-tts
2025-06-01 10:33:25,665 - TTS - INFO - Loaded TTS engine plugin: edge-tts
2025-06-01 10:33:25,665 - TTS - INFO - Loaded TTS engine plugin: edge-tts
2025-06-01 10:33:25,665 - TTS - INFO - Loaded TTS engine plugin: elevenlabs
2025-06-01 10:33:25,665 - TTS - INFO - Loaded TTS engine plugin: elevenlabs
2025-06-01 10:33:25,666 - TTS - INFO - Loaded TTS engine plugin: gtts
2025-06-01 10:33:25,666 - TTS - INFO - Loaded TTS engine plugin: gtts
2025-06-01 10:33:25,673 - TTS - INFO - Loaded TTS engine plugin: azure-tts
2025-06-01 10:33:25,673 - TTS - INFO - Loaded TTS engine plugin: azure-tts
2025-06-01 10:33:25,674 - TTS - INFO - Loaded TTS engine plugin: edge-tts
2025-06-01 10:33:25,674 - TTS - INFO - Loaded TTS engine plugin: edge-tts
2025-06-01 10:33:25,675 - TTS - INFO - Loaded TTS engine plugin: elevenlabs
2025-06-01 10:33:25,675 - TTS - INFO - Loaded TTS engine plugin: elevenlabs
2025-06-01 10:33:25,675 - TTS - INFO - Loaded TTS engine plugin: gtts
2025-06-01 10:33:25,675 - TTS - INFO - Loaded TTS engine plugin: gtts
2025-06-01 10:33:25,677 - TTS - INFO - Universal TTS System initialized
2025-06-01 10:33:25,677 - TTS - INFO - Universal TTS System initialized
2025-06-01 10:33:25,677 - TTS - INFO - Universal TTS System initialized
2025-06-01 10:33:25,679 - TTS - INFO - Processing file: John Fowles - The Collector-Little, Brown & Co (1963).epub
2025-06-01 10:33:25,679 - TTS - INFO - Processing file: John Fowles - The Collector-Little, Brown & Co (1963).epub
2025-06-01 10:33:25,679 - TTS - INFO - Processing file: John Fowles - The Collector-Little, Brown & Co (1963).epub
2025-06-01 10:33:25,688 - TTS - INFO - Universal TTS System initialized
2025-06-01 10:33:25,688 - TTS - INFO - Universal TTS System initialized
2025-06-01 10:33:25,688 - TTS - INFO - Universal TTS System initialized
2025-06-01 10:33:25,689 - TTS - INFO - Processing file: _OceanofPDF.com_Control_Your_Mind_and_Master_Your_Feelings_-_Eric_Robertson.pdf
2025-06-01 10:33:25,689 - TTS - INFO - Processing file: _OceanofPDF.com_Control_Your_Mind_and_Master_Your_Feelings_-_Eric_Robertson.pdf
2025-06-01 10:33:25,689 - TTS - INFO - Processing file: _OceanofPDF.com_Control_Your_Mind_and_Master_Your_Feelings_-_Eric_Robertson.pdf
2025-06-01 10:33:26,841 - TTS - ERROR - Unexpected error processing John Fowles - The Collector-Little, Brown & Co (1963).epub: EdgeTTSEngine.text_to_file() got an unexpected keyword argument 'append'
2025-06-01 10:33:26,841 - TTS - ERROR - Unexpected error processing John Fowles - The Collector-Little, Brown & Co (1963).epub: EdgeTTSEngine.text_to_file() got an unexpected keyword argument 'append'
2025-06-01 10:33:26,841 - TTS - ERROR - Unexpected error processing John Fowles - The Collector-Little, Brown & Co (1963).epub: EdgeTTSEngine.text_to_file() got an unexpected keyword argument 'append'
2025-06-01 10:33:26,841 - TTS - ERROR - Unexpected error processing John Fowles - The Collector-Little, Brown & Co (1963).epub: EdgeTTSEngine.text_to_file() got an unexpected keyword argument 'append'
2025-06-01 10:34:11,604 - TTS - INFO - Loaded TTS engine plugin: azure-tts
2025-06-01 10:34:11,604 - TTS - INFO - Loaded TTS engine plugin: azure-tts
2025-06-01 10:34:11,604 - TTS - INFO - Loaded TTS engine plugin: edge-tts
2025-06-01 10:34:11,604 - TTS - INFO - Loaded TTS engine plugin: edge-tts
2025-06-01 10:34:11,605 - TTS - INFO - Loaded TTS engine plugin: elevenlabs
2025-06-01 10:34:11,605 - TTS - INFO - Loaded TTS engine plugin: elevenlabs
2025-06-01 10:34:11,605 - TTS - INFO - Loaded TTS engine plugin: gtts
2025-06-01 10:34:11,605 - TTS - INFO - Loaded TTS engine plugin: gtts
2025-06-01 10:34:11,615 - TTS - INFO - Universal TTS System initialized
2025-06-01 10:34:11,615 - TTS - INFO - Universal TTS System initialized
2025-06-01 10:34:11,615 - TTS - INFO - Universal TTS System initialized
2025-06-01 10:34:11,616 - TTS - INFO - Processing file: John Fowles - The Collector-Little, Brown & Co (1963).epub
2025-06-01 10:34:11,616 - TTS - INFO - Processing file: John Fowles - The Collector-Little, Brown & Co (1963).epub
2025-06-01 10:34:11,616 - TTS - INFO - Processing file: John Fowles - The Collector-Little, Brown & Co (1963).epub
2025-06-01 10:34:11,645 - TTS - INFO - Loaded TTS engine plugin: azure-tts
2025-06-01 10:34:11,645 - TTS - INFO - Loaded TTS engine plugin: azure-tts
2025-06-01 10:34:11,646 - TTS - INFO - Loaded TTS engine plugin: edge-tts
2025-06-01 10:34:11,646 - TTS - INFO - Loaded TTS engine plugin: edge-tts
2025-06-01 10:34:11,647 - TTS - INFO - Loaded TTS engine plugin: elevenlabs
2025-06-01 10:34:11,647 - TTS - INFO - Loaded TTS engine plugin: elevenlabs
2025-06-01 10:34:11,647 - TTS - INFO - Loaded TTS engine plugin: gtts
2025-06-01 10:34:11,647 - TTS - INFO - Loaded TTS engine plugin: gtts
2025-06-01 10:34:11,658 - TTS - INFO - Universal TTS System initialized
2025-06-01 10:34:11,658 - TTS - INFO - Universal TTS System initialized
2025-06-01 10:34:11,658 - TTS - INFO - Universal TTS System initialized
2025-06-01 10:34:11,659 - TTS - INFO - Processing file: _OceanofPDF.com_Control_Your_Mind_and_Master_Your_Feelings_-_Eric_Robertson.pdf
2025-06-01 10:34:11,659 - TTS - INFO - Processing file: _OceanofPDF.com_Control_Your_Mind_and_Master_Your_Feelings_-_Eric_Robertson.pdf
2025-06-01 10:34:11,659 - TTS - INFO - Processing file: _OceanofPDF.com_Control_Your_Mind_and_Master_Your_Feelings_-_Eric_Robertson.pdf
2025-06-01 11:52:24,964 - TTS - INFO - Loaded TTS engine plugin: azure-tts
2025-06-01 11:52:24,964 - TTS - INFO - Loaded TTS engine plugin: azure-tts
2025-06-01 11:52:24,965 - TTS - INFO - Loaded TTS engine plugin: azure-tts
2025-06-01 11:52:24,966 - TTS - INFO - Loaded TTS engine plugin: edge-tts
2025-06-01 11:52:24,965 - TTS - INFO - Loaded TTS engine plugin: azure-tts
2025-06-01 11:52:24,966 - TTS - INFO - Loaded TTS engine plugin: edge-tts
2025-06-01 11:52:24,967 - TTS - INFO - Loaded TTS engine plugin: elevenlabs
2025-06-01 11:52:24,967 - TTS - INFO - Loaded TTS engine plugin: edge-tts
2025-06-01 11:52:24,967 - TTS - INFO - Loaded TTS engine plugin: elevenlabs
2025-06-01 11:52:24,967 - TTS - INFO - Loaded TTS engine plugin: edge-tts
2025-06-01 11:52:24,967 - TTS - INFO - Loaded TTS engine plugin: elevenlabs
2025-06-01 11:52:24,967 - TTS - INFO - Loaded TTS engine plugin: gtts
2025-06-01 11:52:24,967 - TTS - INFO - Loaded TTS engine plugin: elevenlabs
2025-06-01 11:52:24,967 - TTS - INFO - Loaded TTS engine plugin: gtts
2025-06-01 11:52:24,968 - TTS - INFO - Loaded TTS engine plugin: gtts
2025-06-01 11:52:24,968 - TTS - INFO - Loaded TTS engine plugin: gtts
2025-06-01 11:52:24,976 - TTS - INFO - Universal TTS System initialized
2025-06-01 11:52:24,976 - TTS - INFO - Universal TTS System initialized
2025-06-01 11:52:24,976 - TTS - INFO - Universal TTS System initialized
2025-06-01 11:52:24,976 - TTS - INFO - Universal TTS System initialized
2025-06-01 11:52:24,977 - TTS - INFO - Processing file: John Fowles - The Collector-Little, Brown & Co (1963).epub
2025-06-01 11:52:24,977 - TTS - INFO - Processing file: _OceanofPDF.com_Control_Your_Mind_and_Master_Your_Feelings_-_Eric_Robertson.pdf
2025-06-01 11:52:24,977 - TTS - INFO - Processing file: John Fowles - The Collector-Little, Brown & Co (1963).epub
2025-06-01 11:52:24,977 - TTS - INFO - Processing file: _OceanofPDF.com_Control_Your_Mind_and_Master_Your_Feelings_-_Eric_Robertson.pdf
2025-06-01 12:27:19,778 - TTS - INFO - Loaded TTS engine plugin: azure-tts
2025-06-01 12:27:19,778 - TTS - INFO - Loaded TTS engine plugin: azure-tts
2025-06-01 12:27:19,779 - TTS - INFO - Loaded TTS engine plugin: edge-tts
2025-06-01 12:27:19,778 - TTS - INFO - Loaded TTS engine plugin: azure-tts
2025-06-01 12:27:19,779 - TTS - INFO - Loaded TTS engine plugin: edge-tts
2025-06-01 12:27:19,779 - TTS - INFO - Loaded TTS engine plugin: edge-tts
2025-06-01 12:27:19,779 - TTS - INFO - Loaded TTS engine plugin: edge-tts
2025-06-01 12:27:19,779 - TTS - INFO - Loaded TTS engine plugin: elevenlabs
2025-06-01 12:27:19,780 - TTS - INFO - Loaded TTS engine plugin: elevenlabs
2025-06-01 12:27:19,779 - TTS - INFO - Loaded TTS engine plugin: elevenlabs
2025-06-01 12:27:19,780 - TTS - INFO - Loaded TTS engine plugin: gtts
2025-06-01 12:27:19,780 - TTS - INFO - Loaded TTS engine plugin: elevenlabs
2025-06-01 12:27:19,780 - TTS - INFO - Loaded TTS engine plugin: gtts
2025-06-01 12:27:19,781 - TTS - INFO - Loaded TTS engine plugin: gtts
2025-06-01 12:27:19,781 - TTS - INFO - Loaded TTS engine plugin: gtts
2025-06-01 12:27:19,789 - TTS - INFO - Universal TTS System initialized
2025-06-01 12:27:19,789 - TTS - INFO - Universal TTS System initialized
2025-06-01 12:27:19,789 - TTS - INFO - Universal TTS System initialized
2025-06-01 12:27:19,789 - TTS - INFO - Universal TTS System initialized
2025-06-01 12:27:19,790 - TTS - INFO - Processing file: John Fowles - The Collector-Little, Brown & Co (1963).epub
2025-06-01 12:27:19,790 - TTS - INFO - Processing file: John Fowles - The Collector-Little, Brown & Co (1963).epub
2025-06-01 12:27:19,790 - TTS - INFO - Processing file: _OceanofPDF.com_Control_Your_Mind_and_Master_Your_Feelings_-_Eric_Robertson.pdf
2025-06-01 12:27:19,790 - TTS - INFO - Processing file: _OceanofPDF.com_Control_Your_Mind_and_Master_Your_Feelings_-_Eric_Robertson.pdf
2025-06-01 12:29:28,840 - TTS - INFO - Audio saved to: _OceanofPDF.com_Control_Your_Mind_and_Master_Your_Feelings_-_Eric_Robertson_output.wav
2025-06-01 12:29:28,840 - TTS - INFO - Audio saved to: _OceanofPDF.com_Control_Your_Mind_and_Master_Your_Feelings_-_Eric_Robertson_output.wav
2025-06-01 12:30:36,690 - TTS - INFO - Audio saved to: John Fowles - The Collector-Little, Brown & Co (1963)_output.wav
2025-06-01 12:30:36,690 - TTS - INFO - Audio saved to: John Fowles - The Collector-Little, Brown & Co (1963)_output.wav
2025-06-01 12:30:36,690 - TTS - INFO - Audio saved to: John Fowles - The Collector-Little, Brown & Co (1963)_output.wav
2025-06-01 12:30:49,336 - TTS - INFO - Loaded TTS engine plugin: azure-tts
2025-06-01 12:30:49,336 - TTS - INFO - Loaded TTS engine plugin: azure-tts
2025-06-01 12:30:49,336 - TTS - INFO - Loaded TTS engine plugin: azure-tts
2025-06-01 12:30:49,336 - TTS - INFO - Loaded TTS engine plugin: edge-tts
2025-06-01 12:30:49,336 - TTS - INFO - Loaded TTS engine plugin: azure-tts
2025-06-01 12:30:49,336 - TTS - INFO - Loaded TTS engine plugin: edge-tts
2025-06-01 12:30:49,337 - TTS - INFO - Loaded TTS engine plugin: edge-tts
2025-06-01 12:30:49,337 - TTS - INFO - Loaded TTS engine plugin: elevenlabs
2025-06-01 12:30:49,337 - TTS - INFO - Loaded TTS engine plugin: edge-tts
2025-06-01 12:30:49,337 - TTS - INFO - Loaded TTS engine plugin: elevenlabs
2025-06-01 12:30:49,337 - TTS - INFO - Loaded TTS engine plugin: elevenlabs
2025-06-01 12:30:49,338 - TTS - INFO - Loaded TTS engine plugin: gtts
2025-06-01 12:30:49,337 - TTS - INFO - Loaded TTS engine plugin: elevenlabs
2025-06-01 12:30:49,338 - TTS - INFO - Loaded TTS engine plugin: gtts
2025-06-01 12:30:49,338 - TTS - INFO - Loaded TTS engine plugin: gtts
2025-06-01 12:30:49,338 - TTS - INFO - Loaded TTS engine plugin: gtts
2025-06-01 12:30:49,348 - TTS - INFO - Universal TTS System initialized
2025-06-01 12:30:49,348 - TTS - INFO - Universal TTS System initialized
2025-06-01 12:30:49,349 - TTS - INFO - Universal TTS System initialized
ontrol_Your_Mind_and_Master_Your_Feelings_-_Eric_Robertson.pdf
2025-06-01 12:30:49,349 - TTS - INFO - Processing file: _OceanofPDF.com_Control_Your_Mind_and_Master_Your_Feelings_-_Eric_Robertson.pdf
2025-06-01 12:30:49,349 - TTS - INFO - Universal TTS System initialized
2025-06-01 12:30:49,350 - TTS - INFO - Processing file: John Fowles - The Collector-Little, Brown & Co (1963).epub
2025-06-01 12:30:49,350 - TTS - INFO - Processing file: John Fowles - The Collector-Little, Brown & Co (1963).epub
2025-06-01 12:32:35,291 - TTS - INFO - Audio saved to: _OceanofPDF.com_Control_Your_Mind_and_Master_Your_Feelings_-_Eric_Robertson_output.wav
2025-06-01 12:32:35,291 - TTS - INFO - Audio saved to: _OceanofPDF.com_Control_Your_Mind_and_Master_Your_Feelings_-_Eric_Robertson_output.wav
2025-06-01 12:33:25,231 - TTS - INFO - Audio saved to: John Fowles - The Collector-Little, Brown & Co (1963)_output.wav
2025-06-01 12:33:25,231 - TTS - INFO - Audio saved to: John Fowles - The Collector-Little, Brown & Co (1963)_output.wav
2025-06-01 12:33:25,231 - TTS - INFO - Audio saved to: John Fowles - The Collector-Little, Brown & Co (1963)_output.wav
2025-06-01 13:00:28,582 - TTS - INFO - Loaded TTS engine plugin: azure-tts
2025-06-01 13:00:28,582 - TTS - INFO - Loaded TTS engine plugin: azure-tts
2025-06-01 13:00:28,583 - TTS - INFO - Loaded TTS engine plugin: edge-tts
2025-06-01 13:00:28,583 - TTS - INFO - Loaded TTS engine plugin: edge-tts
2025-06-01 13:00:28,583 - TTS - INFO - Loaded TTS engine plugin: elevenlabs
2025-06-01 13:00:28,583 - TTS - INFO - Loaded TTS engine plugin: elevenlabs
2025-06-01 13:00:28,583 - TTS - INFO - Loaded TTS engine plugin: gtts
2025-06-01 13:00:28,583 - TTS - INFO - Loaded TTS engine plugin: gtts
2025-06-01 13:00:28,589 - TTS - INFO - Universal TTS System initialized
2025-06-01 13:00:28,589 - TTS - INFO - Universal TTS System initialized
2025-06-01 13:00:28,590 - TTS - INFO - Processing file: John Fowles - The Collector-Little, Brown & Co (1963).epub
2025-06-01 13:00:28,590 - TTS - INFO - Processing file: John Fowles - The Collector-Little, Brown & Co (1963).epub
2025-06-01 13:01:13,824 - TTS - INFO - Loaded TTS engine plugin: azure-tts
2025-06-01 13:01:13,824 - TTS - INFO - Loaded TTS engine plugin: azure-tts
2025-06-01 13:01:13,824 - TTS - INFO - Loaded TTS engine plugin: edge-tts
2025-06-01 13:01:13,824 - TTS - INFO - Loaded TTS engine plugin: edge-tts
2025-06-01 13:01:13,825 - TTS - INFO - Loaded TTS engine plugin: elevenlabs
2025-06-01 13:01:13,825 - TTS - INFO - Loaded TTS engine plugin: elevenlabs
2025-06-01 13:01:13,826 - TTS - INFO - Loaded TTS engine plugin: gtts
2025-06-01 13:01:13,826 - TTS - INFO - Loaded TTS engine plugin: gtts
2025-06-01 13:01:13,834 - TTS - INFO - Universal TTS System initialized
2025-06-01 13:01:13,834 - TTS - INFO - Universal TTS System initialized
2025-06-01 13:01:13,836 - TTS - INFO - Processing file: John Fowles - The Collector-Little, Brown & Co (1963).epub
2025-06-01 13:01:13,836 - TTS - INFO - Processing file: John Fowles - The Collector-Little, Brown & Co (1963).epub
2025-06-01 13:01:57,840 - TTS - INFO - Loaded TTS engine plugin: azure-tts
2025-06-01 13:01:57,840 - TTS - INFO - Loaded TTS engine plugin: azure-tts
2025-06-01 13:01:57,841 - TTS - INFO - Loaded TTS engine plugin: edge-tts
2025-06-01 13:01:57,841 - TTS - INFO - Loaded TTS engine plugin: edge-tts
2025-06-01 13:01:57,842 - TTS - INFO - Loaded TTS engine plugin: elevenlabs
2025-06-01 13:01:57,842 - TTS - INFO - Loaded TTS engine plugin: elevenlabs
2025-06-01 13:01:57,843 - TTS - INFO - Loaded TTS engine plugin: gtts
2025-06-01 13:01:57,843 - TTS - INFO - Loaded TTS engine plugin: gtts
2025-06-01 13:01:57,851 - TTS - INFO - Universal TTS System initialized
2025-06-01 13:01:57,851 - TTS - INFO - Universal TTS System initialized
2025-06-01 13:01:57,852 - TTS - INFO - Processing file: John Fowles - The Collector-Little, Brown & Co (1963).epub
2025-06-01 13:01:57,852 - TTS - INFO - Processing file: John Fowles - The Collector-Little, Brown & Co (1963).epub
2025-06-01 13:04:04,653 - TTS - INFO - Loaded TTS engine plugin: azure-tts
2025-06-01 13:04:04,653 - TTS - INFO - Loaded TTS engine plugin: azure-tts
2025-06-01 13:04:04,654 - TTS - INFO - Loaded TTS engine plugin: edge-tts
2025-06-01 13:04:04,654 - TTS - INFO - Loaded TTS engine plugin: edge-tts
2025-06-01 13:04:04,655 - TTS - INFO - Loaded TTS engine plugin: elevenlabs
2025-06-01 13:04:04,655 - TTS - INFO - Loaded TTS engine plugin: elevenlabs
2025-06-01 13:04:04,656 - TTS - INFO - Loaded TTS engine plugin: gtts
2025-06-01 13:04:04,656 - TTS - INFO - Loaded TTS engine plugin: gtts
2025-06-01 13:04:04,665 - TTS - INFO - Universal TTS System initialized
2025-06-01 13:04:04,665 - TTS - INFO - Universal TTS System initialized
2025-06-01 13:04:04,666 - TTS - INFO - Processing file: John Fowles - The Collector-Little, Brown & Co (1963).epub
2025-06-01 13:04:04,666 - TTS - INFO - Processing file: John Fowles - The Collector-Little, Brown & Co (1963).epub
2025-06-01 13:09:58,381 - TTS - INFO - Loaded TTS engine plugin: azure-tts
2025-06-01 13:09:58,381 - TTS - INFO - Loaded TTS engine plugin: azure-tts
2025-06-01 13:09:58,382 - TTS - INFO - Loaded TTS engine plugin: edge-tts
2025-06-01 13:09:58,382 - TTS - INFO - Loaded TTS engine plugin: edge-tts
2025-06-01 13:09:58,383 - TTS - INFO - Loaded TTS engine plugin: elevenlabs
2025-06-01 13:09:58,383 - TTS - INFO - Loaded TTS engine plugin: elevenlabs
2025-06-01 13:09:58,383 - TTS - INFO - Loaded TTS engine plugin: gtts
2025-06-01 13:09:58,383 - TTS - INFO - Loaded TTS engine plugin: gtts
2025-06-01 13:09:58,391 - TTS - INFO - Universal TTS System initialized
2025-06-01 13:09:58,391 - TTS - INFO - Universal TTS System initialized
2025-06-01 13:09:58,393 - TTS - INFO - Processing file: John Fowles - The Collector-Little, Brown & Co (1963).epub
2025-06-01 13:09:58,393 - TTS - INFO - Processing file: John Fowles - The Collector-Little, Brown & Co (1963).epub
2025-06-01 13:12:24,522 - TTS - INFO - Loaded TTS engine plugin: azure-tts
2025-06-01 13:12:24,522 - TTS - INFO - Loaded TTS engine plugin: azure-tts
2025-06-01 13:12:24,523 - TTS - INFO - Loaded TTS engine plugin: edge-tts
2025-06-01 13:12:24,523 - TTS - INFO - Loaded TTS engine plugin: edge-tts
2025-06-01 13:12:24,523 - TTS - INFO - Loaded TTS engine plugin: elevenlabs
2025-06-01 13:12:24,523 - TTS - INFO - Loaded TTS engine plugin: elevenlabs
2025-06-01 13:12:24,523 - TTS - INFO - Loaded TTS engine plugin: gtts
2025-06-01 13:12:24,523 - TTS - INFO - Loaded TTS engine plugin: gtts
2025-06-01 13:12:24,530 - TTS - INFO - Universal TTS System initialized
2025-06-01 13:12:24,530 - TTS - INFO - Universal TTS System initialized
2025-06-01 13:12:24,531 - TTS - INFO - Processing file: John Fowles - The Collector-Little, Brown & Co (1963).epub
2025-06-01 13:12:24,531 - TTS - INFO - Processing file: John Fowles - The Collector-Little, Brown & Co (1963).epub
2025-06-01 13:13:47,694 - TTS - INFO - Audio saved to: John Fowles - The Collector-Little, Brown & Co (1963).wav
2025-06-01 13:13:47,694 - TTS - INFO - Audio saved to: John Fowles - The Collector-Little, Brown & Co (1963).wav
2025-06-01 13:13:47,694 - TTS - INFO - Audio saved to: John Fowles - The Collector-Little, Brown & Co (1963).wav
2025-06-01 13:13:52,172 - TTS - INFO - Loaded TTS engine plugin: azure-tts
2025-06-01 13:13:52,172 - TTS - INFO - Loaded TTS engine plugin: azure-tts
2025-06-01 13:13:52,172 - TTS - INFO - Loaded TTS engine plugin: edge-tts
2025-06-01 13:13:52,172 - TTS - INFO - Loaded TTS engine plugin: edge-tts
2025-06-01 13:13:52,173 - TTS - INFO - Loaded TTS engine plugin: elevenlabs
2025-06-01 13:13:52,173 - TTS - INFO - Loaded TTS engine plugin: elevenlabs
2025-06-01 13:13:52,174 - TTS - INFO - Loaded TTS engine plugin: gtts
2025-06-01 13:13:52,174 - TTS - INFO - Loaded TTS engine plugin: gtts
2025-06-01 13:13:52,180 - TTS - INFO - Universal TTS System initialized
2025-06-01 13:13:52,180 - TTS - INFO - Universal TTS System initialized
2025-06-01 13:13:52,182 - TTS - INFO - Processing file: John Fowles - The Collector-Little, Brown & Co (1963).epub
2025-06-01 13:13:52,182 - TTS - INFO - Processing file: John Fowles - The Collector-Little, Brown & Co (1963).epub
2025-06-01 13:15:14,059 - TTS - INFO - Audio saved to: John Fowles - The Collector-Little, Brown & Co (1963).wav
2025-06-01 13:15:14,059 - TTS - INFO - Audio saved to: John Fowles - The Collector-Little, Brown & Co (1963).wav
2025-06-01 13:15:14,059 - TTS - INFO - Audio saved to: John Fowles - The Collector-Little, Brown & Co (1963).wav
2025-06-01 13:16:33,320 - TTS - INFO - Loaded TTS engine plugin: azure-tts
2025-06-01 13:16:33,320 - TTS - INFO - Loaded TTS engine plugin: azure-tts
2025-06-01 13:16:33,321 - TTS - INFO - Loaded TTS engine plugin: edge-tts
2025-06-01 13:16:33,321 - TTS - INFO - Loaded TTS engine plugin: edge-tts
2025-06-01 13:16:33,321 - TTS - INFO - Loaded TTS engine plugin: elevenlabs
2025-06-01 13:16:33,321 - TTS - INFO - Loaded TTS engine plugin: elevenlabs
2025-06-01 13:16:33,322 - TTS - INFO - Loaded TTS engine plugin: gtts
2025-06-01 13:16:33,322 - TTS - INFO - Loaded TTS engine plugin: gtts
2025-06-01 13:16:33,329 - TTS - INFO - Universal TTS System initialized
2025-06-01 13:16:33,329 - TTS - INFO - Universal TTS System initialized
2025-06-01 13:16:33,330 - TTS - INFO - Processing file: How to Talk to Anyone ( PDFDrive ).mobi
2025-06-01 13:16:33,330 - TTS - INFO - Processing file: How to Talk to Anyone ( PDFDrive ).mobi
2025-06-01 13:16:56,629 - TTS - INFO - Loaded TTS engine plugin: azure-tts
2025-06-01 13:16:56,629 - TTS - INFO - Loaded TTS engine plugin: azure-tts
2025-06-01 13:16:56,630 - TTS - INFO - Loaded TTS engine plugin: edge-tts
2025-06-01 13:16:56,630 - TTS - INFO - Loaded TTS engine plugin: edge-tts
2025-06-01 13:16:56,631 - TTS - INFO - Loaded TTS engine plugin: elevenlabs
2025-06-01 13:16:56,631 - TTS - INFO - Loaded TTS engine plugin: elevenlabs
2025-06-01 13:16:56,632 - TTS - INFO - Loaded TTS engine plugin: gtts
2025-06-01 13:16:56,632 - TTS - INFO - Loaded TTS engine plugin: gtts
2025-06-01 13:16:56,639 - TTS - INFO - Universal TTS System initialized
2025-06-01 13:16:56,639 - TTS - INFO - Universal TTS System initialized
2025-06-01 13:16:56,640 - TTS - INFO - Processing file: USER_MANUAL.md
2025-06-01 13:16:56,640 - TTS - INFO - Processing file: USER_MANUAL.md
2025-06-01 13:17:04,595 - TTS - INFO - Loaded TTS engine plugin: azure-tts
2025-06-01 13:17:04,595 - TTS - INFO - Loaded TTS engine plugin: azure-tts
2025-06-01 13:17:04,596 - TTS - INFO - Loaded TTS engine plugin: edge-tts
2025-06-01 13:17:04,596 - TTS - INFO - Loaded TTS engine plugin: edge-tts
2025-06-01 13:17:04,597 - TTS - INFO - Loaded TTS engine plugin: elevenlabs
2025-06-01 13:17:04,597 - TTS - INFO - Loaded TTS engine plugin: elevenlabs
2025-06-01 13:17:04,598 - TTS - INFO - Loaded TTS engine plugin: gtts
2025-06-01 13:17:04,598 - TTS - INFO - Loaded TTS engine plugin: gtts
2025-06-01 13:17:04,606 - TTS - INFO - Universal TTS System initialized
2025-06-01 13:17:04,606 - TTS - INFO - Universal TTS System initialized
2025-06-01 13:17:04,607 - TTS - INFO - Processing file: Meditation.docx
2025-06-01 13:17:04,607 - TTS - INFO - Processing file: Meditation.docx
2025-06-01 13:19:51,603 - TTS - INFO - Loaded TTS engine plugin: azure-tts
2025-06-01 13:19:51,603 - TTS - INFO - Loaded TTS engine plugin: azure-tts
2025-06-01 13:19:51,604 - TTS - INFO - Loaded TTS engine plugin: edge-tts
2025-06-01 13:19:51,604 - TTS - INFO - Loaded TTS engine plugin: edge-tts
2025-06-01 13:19:51,605 - TTS - INFO - Loaded TTS engine plugin: elevenlabs
2025-06-01 13:19:51,605 - TTS - INFO - Loaded TTS engine plugin: elevenlabs
2025-06-01 13:19:51,606 - TTS - INFO - Loaded TTS engine plugin: gtts
2025-06-01 13:19:51,606 - TTS - INFO - Loaded TTS engine plugin: gtts
2025-06-01 13:19:51,612 - TTS - INFO - Universal TTS System initialized
2025-06-01 13:19:51,612 - TTS - INFO - Universal TTS System initialized
2025-06-01 13:19:51,613 - TTS - INFO - Processing file: How to Talk to Anyone ( PDFDrive ).mobi
2025-06-01 13:19:51,613 - TTS - INFO - Processing file: How to Talk to Anyone ( PDFDrive ).mobi
2025-06-01 13:25:07,589 - TTS - INFO - Loaded TTS engine plugin: azure-tts
2025-06-01 13:25:07,589 - TTS - INFO - Loaded TTS engine plugin: azure-tts
2025-06-01 13:25:07,589 - TTS - INFO - Loaded TTS engine plugin: edge-tts
2025-06-01 13:25:07,589 - TTS - INFO - Loaded TTS engine plugin: edge-tts
2025-06-01 13:25:07,590 - TTS - INFO - Loaded TTS engine plugin: elevenlabs
2025-06-01 13:25:07,590 - TTS - INFO - Loaded TTS engine plugin: elevenlabs
2025-06-01 13:25:07,590 - TTS - INFO - Loaded TTS engine plugin: gtts
2025-06-01 13:25:07,590 - TTS - INFO - Loaded TTS engine plugin: gtts
2025-06-01 13:25:07,596 - TTS - INFO - Universal TTS System initialized
2025-06-01 13:25:07,596 - TTS - INFO - Universal TTS System initialized
2025-06-01 13:25:07,599 - TTS - INFO - Processing file: How to Talk to Anyone ( PDFDrive ).mobi
2025-06-01 13:25:07,599 - TTS - INFO - Processing file: How to Talk to Anyone ( PDFDrive ).mobi
2025-06-01 13:25:08,317 - TTS - INFO - Audio saved to: How to Talk to Anyone ( PDFDrive ).wav
2025-06-01 13:25:08,317 - TTS - INFO - Audio saved to: How to Talk to Anyone ( PDFDrive ).wav
2025-06-01 13:27:25,189 - TTS - INFO - Loaded TTS engine plugin: azure-tts
2025-06-01 13:27:25,189 - TTS - INFO - Loaded TTS engine plugin: azure-tts
2025-06-01 13:27:25,190 - TTS - INFO - Loaded TTS engine plugin: edge-tts
2025-06-01 13:27:25,190 - TTS - INFO - Loaded TTS engine plugin: edge-tts
2025-06-01 13:27:25,191 - TTS - INFO - Loaded TTS engine plugin: elevenlabs
2025-06-01 13:27:25,191 - TTS - INFO - Loaded TTS engine plugin: elevenlabs
2025-06-01 13:27:25,192 - TTS - INFO - Loaded TTS engine plugin: gtts
2025-06-01 13:27:25,192 - TTS - INFO - Loaded TTS engine plugin: gtts
2025-06-01 13:27:25,198 - TTS - INFO - Universal TTS System initialized
2025-06-01 13:27:25,198 - TTS - INFO - Universal TTS System initialized
2025-06-01 13:27:25,200 - TTS - INFO - Processing file: How to Talk to Anyone ( PDFDrive ).mobi
2025-06-01 13:27:25,200 - TTS - INFO - Processing file: How to Talk to Anyone ( PDFDrive ).mobi
2025-06-01 13:27:26,041 - TTS - INFO - Audio saved to: How to Talk to Anyone ( PDFDrive ).wav
2025-06-01 13:27:26,041 - TTS - INFO - Audio saved to: How to Talk to Anyone ( PDFDrive ).wav
2025-06-01 13:27:35,193 - TTS - INFO - Loaded TTS engine plugin: azure-tts
2025-06-01 13:27:35,193 - TTS - INFO - Loaded TTS engine plugin: azure-tts
2025-06-01 13:27:35,194 - TTS - INFO - Loaded TTS engine plugin: edge-tts
2025-06-01 13:27:35,194 - TTS - INFO - Loaded TTS engine plugin: edge-tts
2025-06-01 13:27:35,194 - TTS - INFO - Loaded TTS engine plugin: elevenlabs
2025-06-01 13:27:35,194 - TTS - INFO - Loaded TTS engine plugin: elevenlabs
2025-06-01 13:27:35,195 - TTS - INFO - Loaded TTS engine plugin: gtts
2025-06-01 13:27:35,195 - TTS - INFO - Loaded TTS engine plugin: gtts
2025-06-01 13:27:35,202 - TTS - INFO - Universal TTS System initialized
2025-06-01 13:27:35,202 - TTS - INFO - Universal TTS System initialized
2025-06-01 13:27:35,203 - TTS - INFO - Processing file: Meditation.docx
2025-06-01 13:27:35,203 - TTS - INFO - Processing file: Meditation.docx
2025-06-01 13:27:37,119 - TTS - INFO - Audio saved to: Meditation.wav
2025-06-01 13:27:37,119 - TTS - INFO - Audio saved to: Meditation.wav
2025-06-01 13:27:47,057 - TTS - INFO - Loaded TTS engine plugin: azure-tts
2025-06-01 13:27:47,057 - TTS - INFO - Loaded TTS engine plugin: azure-tts
2025-06-01 13:27:47,059 - TTS - INFO - Loaded TTS engine plugin: edge-tts
2025-06-01 13:27:47,059 - TTS - INFO - Loaded TTS engine plugin: edge-tts
2025-06-01 13:27:47,059 - TTS - INFO - Loaded TTS engine plugin: elevenlabs
2025-06-01 13:27:47,059 - TTS - INFO - Loaded TTS engine plugin: elevenlabs
2025-06-01 13:27:47,060 - TTS - INFO - Loaded TTS engine plugin: gtts
2025-06-01 13:27:47,060 - TTS - INFO - Loaded TTS engine plugin: gtts
2025-06-01 13:27:47,068 - TTS - INFO - Universal TTS System initialized
2025-06-01 13:27:47,068 - TTS - INFO - Universal TTS System initialized
2025-06-01 13:27:47,069 - TTS - INFO - Processing file: USER_MANUAL.md
2025-06-01 13:27:47,069 - TTS - INFO - Processing file: USER_MANUAL.md
2025-06-01 13:27:49,048 - TTS - INFO - Audio saved to: USER_MANUAL.wav
2025-06-01 13:27:49,048 - TTS - INFO - Audio saved to: USER_MANUAL.wav
2025-06-01 13:27:58,888 - TTS - INFO - Loaded TTS engine plugin: azure-tts
2025-06-01 13:27:58,888 - TTS - INFO - Loaded TTS engine plugin: azure-tts
2025-06-01 13:27:58,889 - TTS - INFO - Loaded TTS engine plugin: edge-tts
2025-06-01 13:27:58,889 - TTS - INFO - Loaded TTS engine plugin: edge-tts
2025-06-01 13:27:58,889 - TTS - INFO - Loaded TTS engine plugin: elevenlabs
2025-06-01 13:27:58,889 - TTS - INFO - Loaded TTS engine plugin: elevenlabs
2025-06-01 13:27:58,890 - TTS - INFO - Loaded TTS engine plugin: gtts
2025-06-01 13:27:58,890 - TTS - INFO - Loaded TTS engine plugin: gtts
2025-06-01 13:27:58,897 - TTS - INFO - Universal TTS System initialized
2025-06-01 13:27:58,897 - TTS - INFO - Universal TTS System initialized
2025-06-01 13:27:58,900 - TTS - INFO - Processing file: USER_MANUAL.md
2025-06-01 13:27:58,900 - TTS - INFO - Processing file: USER_MANUAL.md
2025-06-01 13:28:00,923 - TTS - INFO - Audio saved to: USER_MANUAL.wav
2025-06-01 13:28:00,923 - TTS - INFO - Audio saved to: USER_MANUAL.wav
2025-06-01 13:31:04,247 - TTS - INFO - Loaded TTS engine plugin: azure-tts
2025-06-01 13:31:04,247 - TTS - INFO - Loaded TTS engine plugin: azure-tts
2025-06-01 13:31:04,248 - TTS - INFO - Loaded TTS engine plugin: edge-tts
2025-06-01 13:31:04,248 - TTS - INFO - Loaded TTS engine plugin: edge-tts
2025-06-01 13:31:04,249 - TTS - INFO - Loaded TTS engine plugin: elevenlabs
2025-06-01 13:31:04,249 - TTS - INFO - Loaded TTS engine plugin: elevenlabs
2025-06-01 13:31:04,249 - TTS - INFO - Loaded TTS engine plugin: gtts
2025-06-01 13:31:04,249 - TTS - INFO - Loaded TTS engine plugin: gtts
2025-06-01 13:31:04,254 - TTS - INFO - Universal TTS System initialized
2025-06-01 13:31:04,254 - TTS - INFO - Universal TTS System initialized
2025-06-01 13:31:04,255 - TTS - INFO - Processing file: How to Talk to Anyone ( PDFDrive ).mobi
2025-06-01 13:31:04,255 - TTS - INFO - Processing file: How to Talk to Anyone ( PDFDrive ).mobi
2025-06-01 13:31:04,860 - TTS - INFO - Audio saved to: How to Talk to Anyone ( PDFDrive ).wav
2025-06-01 13:31:04,860 - TTS - INFO - Audio saved to: How to Talk to Anyone ( PDFDrive ).wav
2025-06-01 13:31:04,999 - TTS - INFO - Loaded TTS engine plugin: azure-tts
2025-06-01 13:31:04,999 - TTS - INFO - Loaded TTS engine plugin: azure-tts
2025-06-01 13:31:05,000 - TTS - INFO - Loaded TTS engine plugin: edge-tts
2025-06-01 13:31:05,000 - TTS - INFO - Loaded TTS engine plugin: edge-tts
2025-06-01 13:31:05,000 - TTS - INFO - Loaded TTS engine plugin: elevenlabs
2025-06-01 13:31:05,000 - TTS - INFO - Loaded TTS engine plugin: elevenlabs
2025-06-01 13:31:05,001 - TTS - INFO - Loaded TTS engine plugin: gtts
2025-06-01 13:31:05,001 - TTS - INFO - Loaded TTS engine plugin: gtts
2025-06-01 13:31:05,006 - TTS - INFO - Universal TTS System initialized
2025-06-01 13:31:05,006 - TTS - INFO - Universal TTS System initialized
2025-06-01 13:31:05,006 - TTS - INFO - Processing file: John Fowles - The Collector-Little, Brown & Co (1963).epub
2025-06-01 13:31:05,006 - TTS - INFO - Processing file: John Fowles - The Collector-Little, Brown & Co (1963).epub
2025-06-01 13:31:05,493 - TTS - INFO - Loaded TTS engine plugin: azure-tts
2025-06-01 13:31:05,493 - TTS - INFO - Loaded TTS engine plugin: azure-tts
2025-06-01 13:31:05,494 - TTS - INFO - Loaded TTS engine plugin: edge-tts
2025-06-01 13:31:05,494 - TTS - INFO - Loaded TTS engine plugin: edge-tts
2025-06-01 13:31:05,495 - TTS - INFO - Loaded TTS engine plugin: elevenlabs
2025-06-01 13:31:05,495 - TTS - INFO - Loaded TTS engine plugin: elevenlabs
2025-06-01 13:31:05,496 - TTS - INFO - Loaded TTS engine plugin: gtts
2025-06-01 13:31:05,496 - TTS - INFO - Loaded TTS engine plugin: gtts
2025-06-01 13:31:05,503 - TTS - INFO - Universal TTS System initialized
2025-06-01 13:31:05,503 - TTS - INFO - Universal TTS System initialized
2025-06-01 13:31:05,504 - TTS - INFO - Processing file: Meditation.docx
2025-06-01 13:31:05,504 - TTS - INFO - Processing file: Meditation.docx
2025-06-01 13:31:05,595 - TTS - INFO - Loaded TTS engine plugin: azure-tts
2025-06-01 13:31:05,595 - TTS - INFO - Loaded TTS engine plugin: azure-tts
2025-06-01 13:31:05,596 - TTS - INFO - Loaded TTS engine plugin: edge-tts
2025-06-01 13:31:05,596 - TTS - INFO - Loaded TTS engine plugin: edge-tts
2025-06-01 13:31:05,597 - TTS - INFO - Loaded TTS engine plugin: elevenlabs
2025-06-01 13:31:05,597 - TTS - INFO - Loaded TTS engine plugin: elevenlabs
2025-06-01 13:31:05,597 - TTS - INFO - Loaded TTS engine plugin: gtts
2025-06-01 13:31:05,597 - TTS - INFO - Loaded TTS engine plugin: gtts
2025-06-01 13:31:05,605 - TTS - INFO - Universal TTS System initialized
2025-06-01 13:31:05,605 - TTS - INFO - Universal TTS System initialized
2025-06-01 13:31:05,605 - TTS - INFO - Processing file: README.md
2025-06-01 13:31:05,605 - TTS - INFO - Processing file: README.md
2025-06-01 13:31:05,631 - TTS - INFO - Loaded TTS engine plugin: azure-tts
2025-06-01 13:31:05,631 - TTS - INFO - Loaded TTS engine plugin: azure-tts
2025-06-01 13:31:05,632 - TTS - INFO - Loaded TTS engine plugin: edge-tts
2025-06-01 13:31:05,632 - TTS - INFO - Loaded TTS engine plugin: edge-tts
2025-06-01 13:31:05,633 - TTS - INFO - Loaded TTS engine plugin: elevenlabs
2025-06-01 13:31:05,633 - TTS - INFO - Loaded TTS engine plugin: elevenlabs
2025-06-01 13:31:05,634 - TTS - INFO - Loaded TTS engine plugin: gtts
2025-06-01 13:31:05,634 - TTS - INFO - Loaded TTS engine plugin: gtts
2025-06-01 13:31:05,635 - TTS - INFO - Loaded TTS engine plugin: azure-tts
2025-06-01 13:31:05,635 - TTS - INFO - Loaded TTS engine plugin: azure-tts
2025-06-01 13:31:05,636 - TTS - INFO - Loaded TTS engine plugin: edge-tts
2025-06-01 13:31:05,636 - TTS - INFO - Loaded TTS engine plugin: edge-tts
2025-06-01 13:31:05,637 - TTS - INFO - Loaded TTS engine plugin: elevenlabs
2025-06-01 13:31:05,637 - TTS - INFO - Loaded TTS engine plugin: elevenlabs
2025-06-01 13:31:05,637 - TTS - INFO - Loaded TTS engine plugin: gtts
2025-06-01 13:31:05,637 - TTS - INFO - Loaded TTS engine plugin: gtts
2025-06-01 13:31:05,642 - TTS - INFO - Universal TTS System initialized
2025-06-01 13:31:05,642 - TTS - INFO - Universal TTS System initialized
2025-06-01 13:31:05,643 - TTS - INFO - Processing file: TECHNICAL_DOCUMENTATION.md
2025-06-01 13:31:05,643 - TTS - INFO - Processing file: TECHNICAL_DOCUMENTATION.md
2025-06-01 13:31:05,645 - TTS - INFO - Universal TTS System initialized
2025-06-01 13:31:05,645 - TTS - INFO - Universal TTS System initialized
2025-06-01 13:31:05,645 - TTS - INFO - Processing file: USER_MANUAL.md
2025-06-01 13:31:05,645 - TTS - INFO - Processing file: USER_MANUAL.md
2025-06-01 13:31:05,659 - TTS - INFO - Loaded TTS engine plugin: azure-tts
2025-06-01 13:31:05,659 - TTS - INFO - Loaded TTS engine plugin: azure-tts
2025-06-01 13:31:05,659 - TTS - INFO - Loaded TTS engine plugin: edge-tts
2025-06-01 13:31:05,659 - TTS - INFO - Loaded TTS engine plugin: edge-tts
2025-06-01 13:31:05,660 - TTS - INFO - Loaded TTS engine plugin: elevenlabs
2025-06-01 13:31:05,660 - TTS - INFO - Loaded TTS engine plugin: elevenlabs
2025-06-01 13:31:05,661 - TTS - INFO - Loaded TTS engine plugin: gtts
2025-06-01 13:31:05,661 - TTS - INFO - Loaded TTS engine plugin: gtts
2025-06-01 13:31:05,668 - TTS - INFO - Universal TTS System initialized
2025-06-01 13:31:05,668 - TTS - INFO - Universal TTS System initialized
2025-06-01 13:31:05,669 - TTS - INFO - Processing file: _OceanofPDF.com_Control_Your_Mind_and_Master_Your_Feelings_-_Eric_Robertson.pdf
2025-06-01 13:31:05,669 - TTS - INFO - Processing file: _OceanofPDF.com_Control_Your_Mind_and_Master_Your_Feelings_-_Eric_Robertson.pdf
2025-06-01 13:31:06,973 - TTS - INFO - Audio saved to: README.wav
2025-06-01 13:31:06,973 - TTS - INFO - Audio saved to: README.wav
2025-06-01 13:31:07,816 - TTS - INFO - Audio saved to: TECHNICAL_DOCUMENTATION.wav
2025-06-01 13:31:07,816 - TTS - INFO - Audio saved to: TECHNICAL_DOCUMENTATION.wav
2025-06-01 13:31:07,817 - TTS - INFO - Audio saved to: Meditation.wav
2025-06-01 13:31:07,817 - TTS - INFO - Audio saved to: Meditation.wav
2025-06-01 13:31:07,932 - TTS - INFO - Audio saved to: USER_MANUAL.wav
2025-06-01 13:31:07,932 - TTS - INFO - Audio saved to: USER_MANUAL.wav
2025-06-01 13:32:04,189 - TTS - INFO - Audio saved to: _OceanofPDF.com_Control_Your_Mind_and_Master_Your_Feelings_-_Eric_Robertson.wav
2025-06-01 13:32:04,189 - TTS - INFO - Audio saved to: _OceanofPDF.com_Control_Your_Mind_and_Master_Your_Feelings_-_Eric_Robertson.wav
2025-06-01 13:32:30,103 - TTS - INFO - Audio saved to: John Fowles - The Collector-Little, Brown & Co (1963).wav
2025-06-01 13:32:30,103 - TTS - INFO - Audio saved to: John Fowles - The Collector-Little, Brown & Co (1963).wav
2025-06-01 13:32:30,103 - TTS - INFO - Audio saved to: John Fowles - The Collector-Little, Brown & Co (1963).wav
2025-06-01 22:18:33,232 - TTS - INFO - Loaded TTS engine plugin: azure-tts
2025-06-01 22:18:33,232 - TTS - INFO - Loaded TTS engine plugin: azure-tts
2025-06-01 22:18:33,233 - TTS - INFO - Loaded TTS engine plugin: edge-tts
2025-06-01 22:18:33,233 - TTS - INFO - Loaded TTS engine plugin: edge-tts
2025-06-01 22:18:33,234 - TTS - INFO - Loaded TTS engine plugin: elevenlabs
2025-06-01 22:18:33,234 - TTS - INFO - Loaded TTS engine plugin: elevenlabs
2025-06-01 22:18:33,235 - TTS - INFO - Loaded TTS engine plugin: gtts
2025-06-01 22:18:33,235 - TTS - INFO - Loaded TTS engine plugin: gtts
2025-06-01 22:18:33,243 - TTS - INFO - Universal TTS System initialized
2025-06-01 22:18:33,243 - TTS - INFO - Universal TTS System initialized
2025-06-01 22:18:33,245 - TTS - INFO - Processing file: John Fowles - The Collector-Little, Brown & Co (1963).epub
2025-06-01 22:18:33,245 - TTS - INFO - Processing file: John Fowles - The Collector-Little, Brown & Co (1963).epub
2025-06-04 12:50:07,569 - TTS - INFO - Loaded TTS engine plugin: azure-tts
2025-06-04 12:50:07,569 - TTS - INFO - Loaded TTS engine plugin: azure-tts
2025-06-04 12:50:07,571 - TTS - INFO - Loaded TTS engine plugin: edge-tts
2025-06-04 12:50:07,571 - TTS - INFO - Loaded TTS engine plugin: edge-tts
2025-06-04 12:50:07,576 - TTS - INFO - Loaded TTS engine plugin: elevenlabs
2025-06-04 12:50:07,576 - TTS - INFO - Loaded TTS engine plugin: elevenlabs
2025-06-04 12:50:07,580 - TTS - INFO - Loaded TTS engine plugin: gtts
2025-06-04 12:50:07,580 - TTS - INFO - Loaded TTS engine plugin: gtts
2025-06-04 12:50:07,613 - TTS - INFO - Universal TTS System initialized
2025-06-04 12:50:07,613 - TTS - INFO - Universal TTS System initialized
2025-06-04 12:50:07,628 - TTS - INFO - Processing file: test.txt
2025-06-04 12:50:07,628 - TTS - INFO - Processing file: test.txt
2025-06-04 12:51:04,347 - TTS - INFO - Loaded TTS engine plugin: azure-tts
2025-06-04 12:51:04,347 - TTS - INFO - Loaded TTS engine plugin: azure-tts
2025-06-04 12:51:04,349 - TTS - INFO - Loaded TTS engine plugin: edge-tts
2025-06-04 12:51:04,349 - TTS - INFO - Loaded TTS engine plugin: edge-tts
2025-06-04 12:51:04,351 - TTS - INFO - Loaded TTS engine plugin: elevenlabs
2025-06-04 12:51:04,351 - TTS - INFO - Loaded TTS engine plugin: elevenlabs
2025-06-04 12:51:04,353 - TTS - INFO - Loaded TTS engine plugin: gtts
2025-06-04 12:51:04,353 - TTS - INFO - Loaded TTS engine plugin: gtts
2025-06-04 12:51:04,382 - TTS - INFO - Universal TTS System initialized
2025-06-04 12:51:04,382 - TTS - INFO - Universal TTS System initialized
2025-06-04 12:51:04,382 - TTS - INFO - Universal TTS System initialized
2025-06-04 12:51:04,403 - TTS - INFO - Processing file: test.txt
2025-06-04 12:51:04,403 - TTS - INFO - Processing file: test.txt
2025-06-04 12:51:04,403 - TTS - INFO - Processing file: test.txt
2025-06-04 12:51:32,780 - TTS - INFO - Loaded TTS engine plugin: azure-tts
2025-06-04 12:51:32,780 - TTS - INFO - Loaded TTS engine plugin: azure-tts
2025-06-04 12:51:32,782 - TTS - INFO - Loaded TTS engine plugin: edge-tts
2025-06-04 12:51:32,782 - TTS - INFO - Loaded TTS engine plugin: edge-tts
2025-06-04 12:51:32,783 - TTS - INFO - Loaded TTS engine plugin: elevenlabs
2025-06-04 12:51:32,783 - TTS - INFO - Loaded TTS engine plugin: elevenlabs
2025-06-04 12:51:32,784 - TTS - INFO - Loaded TTS engine plugin: gtts
2025-06-04 12:51:32,784 - TTS - INFO - Loaded TTS engine plugin: gtts
2025-06-04 12:51:32,799 - TTS - INFO - Universal TTS System initialized
2025-06-04 12:51:32,799 - TTS - INFO - Universal TTS System initialized
2025-06-04 12:51:32,799 - TTS - INFO - Universal TTS System initialized
2025-06-04 12:51:32,815 - TTS - INFO - Processing file: test.txt
2025-06-04 12:51:32,815 - TTS - INFO - Processing file: test.txt
2025-06-04 12:51:32,815 - TTS - INFO - Processing file: test.txt
2025-06-04 12:51:35,439 - TTS - INFO - Audio saved to: test.mp3
2025-06-04 12:51:35,439 - TTS - INFO - Audio saved to: test.mp3
2025-06-04 12:51:35,439 - TTS - INFO - Audio saved to: test.mp3
2025-06-04 13:22:46,910 - TTS - INFO - Loaded TTS engine plugin: azure-tts
2025-06-04 13:22:46,910 - TTS - INFO - Loaded TTS engine plugin: azure-tts
2025-06-04 13:22:46,912 - TTS - INFO - Loaded TTS engine plugin: edge-tts
2025-06-04 13:22:46,912 - TTS - INFO - Loaded TTS engine plugin: edge-tts
2025-06-04 13:22:46,913 - TTS - INFO - Loaded TTS engine plugin: elevenlabs
2025-06-04 13:22:46,913 - TTS - INFO - Loaded TTS engine plugin: elevenlabs
2025-06-04 13:22:46,915 - TTS - INFO - Loaded TTS engine plugin: gtts
2025-06-04 13:22:46,915 - TTS - INFO - Loaded TTS engine plugin: gtts
2025-06-04 13:22:46,948 - TTS - INFO - Universal TTS System initialized
2025-06-04 13:22:46,948 - TTS - INFO - Universal TTS System initialized
2025-06-04 13:22:46,948 - TTS - INFO - Universal TTS System initialized
2025-06-04 13:22:46,954 - TTS - INFO - Processing file: test.pdf
2025-06-04 13:22:46,954 - TTS - INFO - Processing file: test.pdf
2025-06-04 13:22:46,954 - TTS - INFO - Processing file: test.pdf
2025-06-04 13:22:46,964 - TTS - ERROR - Unexpected error processing test.pdf: Error reading PDF file: EOF marker not found
2025-06-04 13:22:46,964 - TTS - ERROR - Unexpected error processing test.pdf: Error reading PDF file: EOF marker not found
2025-06-04 13:22:46,964 - TTS - ERROR - Unexpected error processing test.pdf: Error reading PDF file: EOF marker not found
2025-06-04 13:22:46,971 - TTS - INFO - Processing file: test.md
2025-06-04 13:22:46,971 - TTS - INFO - Processing file: test.md
2025-06-04 13:22:46,971 - TTS - INFO - Processing file: test.md
2025-06-04 13:22:50,128 - TTS - INFO - Audio saved to: test.mp3
2025-06-04 13:22:50,128 - TTS - INFO - Audio saved to: test.mp3
2025-06-04 13:22:50,128 - TTS - INFO - Audio saved to: test.mp3
2025-06-04 13:22:50,133 - TTS - INFO - Processing file: test.md
2025-06-04 13:22:50,133 - TTS - INFO - Processing file: test.md
2025-06-04 13:22:50,133 - TTS - INFO - Processing file: test.md
2025-06-04 13:24:46,616 - TTS - INFO - Loaded TTS engine plugin: azure-tts
2025-06-04 13:24:46,616 - TTS - INFO - Loaded TTS engine plugin: azure-tts
2025-06-04 13:24:46,616 - TTS - INFO - Loaded TTS engine plugin: edge-tts
2025-06-04 13:24:46,616 - TTS - INFO - Loaded TTS engine plugin: edge-tts
2025-06-04 13:24:46,617 - TTS - INFO - Loaded TTS engine plugin: elevenlabs
2025-06-04 13:24:46,617 - TTS - INFO - Loaded TTS engine plugin: elevenlabs
2025-06-04 13:24:46,619 - TTS - INFO - Loaded TTS engine plugin: gtts
2025-06-04 13:24:46,619 - TTS - INFO - Loaded TTS engine plugin: gtts
2025-06-04 13:24:46,642 - TTS - INFO - Universal TTS System initialized
2025-06-04 13:24:46,642 - TTS - INFO - Universal TTS System initialized
2025-06-04 13:24:46,642 - TTS - INFO - Universal TTS System initialized
2025-06-04 13:24:46,645 - TTS - INFO - Processing file: test.txt
2025-06-04 13:24:46,645 - TTS - INFO - Processing file: test.txt
2025-06-04 13:24:46,645 - TTS - INFO - Processing file: test.txt
2025-06-04 13:24:48,207 - TTS - INFO - Audio saved to: test.mp3
2025-06-04 13:24:48,207 - TTS - INFO - Audio saved to: test.mp3
2025-06-04 13:24:48,207 - TTS - INFO - Audio saved to: test.mp3
2025-06-04 13:24:48,211 - TTS - INFO - Processing file: test.txt
2025-06-04 13:24:48,211 - TTS - INFO - Processing file: test.txt
2025-06-04 13:24:48,211 - TTS - INFO - Processing file: test.txt
2025-06-04 13:24:48,488 - TTS - INFO - Audio saved to: test.mp3
2025-06-04 13:24:48,488 - TTS - INFO - Audio saved to: test.mp3
2025-06-04 13:24:48,488 - TTS - INFO - Audio saved to: test.mp3
2025-06-04 13:24:48,493 - TTS - INFO - Processing file: test.txt
2025-06-04 13:24:48,493 - TTS - INFO - Processing file: test.txt
2025-06-04 13:24:48,493 - TTS - INFO - Processing file: test.txt
2025-06-04 13:24:48,759 - TTS - INFO - Audio saved to: test.mp3
2025-06-04 13:24:48,759 - TTS - INFO - Audio saved to: test.mp3
2025-06-04 13:24:48,759 - TTS - INFO - Audio saved to: test.mp3
2025-06-04 13:24:48,764 - TTS - INFO - Processing file: test.pdf
2025-06-04 13:24:48,764 - TTS - INFO - Processing file: test.pdf
2025-06-04 13:24:48,764 - TTS - INFO - Processing file: test.pdf
2025-06-04 13:24:49,038 - TTS - INFO - Audio saved to: test.mp3
2025-06-04 13:24:49,038 - TTS - INFO - Audio saved to: test.mp3
2025-06-04 13:24:49,038 - TTS - INFO - Audio saved to: test.mp3
2025-06-04 13:24:49,045 - TTS - INFO - Processing file: test.pdf
2025-06-04 13:24:49,045 - TTS - INFO - Processing file: test.pdf
2025-06-04 13:24:49,045 - TTS - INFO - Processing file: test.pdf
2025-06-04 13:24:49,313 - TTS - INFO - Audio saved to: test.mp3
2025-06-04 13:24:49,313 - TTS - INFO - Audio saved to: test.mp3
2025-06-04 13:24:49,313 - TTS - INFO - Audio saved to: test.mp3
2025-06-04 13:24:49,318 - TTS - INFO - Processing file: test.pdf
2025-06-04 13:24:49,318 - TTS - INFO - Processing file: test.pdf
2025-06-04 13:24:49,318 - TTS - INFO - Processing file: test.pdf
2025-06-04 13:24:49,613 - TTS - INFO - Audio saved to: test.mp3
2025-06-04 13:24:49,613 - TTS - INFO - Audio saved to: test.mp3
2025-06-04 13:24:49,613 - TTS - INFO - Audio saved to: test.mp3
2025-06-04 13:24:49,620 - TTS - INFO - Processing file: test.md
2025-06-04 13:24:49,620 - TTS - INFO - Processing file: test.md
2025-06-04 13:24:49,620 - TTS - INFO - Processing file: test.md
2025-06-04 13:24:50,005 - TTS - INFO - Audio saved to: test.mp3
2025-06-04 13:24:50,005 - TTS - INFO - Audio saved to: test.mp3
2025-06-04 13:24:50,005 - TTS - INFO - Audio saved to: test.mp3
2025-06-04 13:24:50,009 - TTS - INFO - Processing file: test.md
2025-06-04 13:24:50,009 - TTS - INFO - Processing file: test.md
2025-06-04 13:24:50,009 - TTS - INFO - Processing file: test.md
2025-06-04 13:24:50,346 - TTS - INFO - Audio saved to: test.mp3
2025-06-04 13:24:50,346 - TTS - INFO - Audio saved to: test.mp3
2025-06-04 13:24:50,346 - TTS - INFO - Audio saved to: test.mp3
2025-06-04 13:24:50,351 - TTS - INFO - Processing file: test.md
2025-06-04 13:24:50,351 - TTS - INFO - Processing file: test.md
2025-06-04 13:24:50,351 - TTS - INFO - Processing file: test.md
2025-06-04 13:24:50,738 - TTS - INFO - Audio saved to: test.mp3
2025-06-04 13:24:50,738 - TTS - INFO - Audio saved to: test.mp3
2025-06-04 13:24:50,738 - TTS - INFO - Audio saved to: test.mp3
2025-06-29 21:59:39,962 - TTS - INFO - Loaded TTS engine plugin: azure-tts
2025-06-29 21:59:39,962 - TTS - INFO - Loaded TTS engine plugin: azure-tts
2025-06-29 21:59:39,963 - TTS - INFO - Loaded TTS engine plugin: edge-tts
2025-06-29 21:59:39,963 - TTS - INFO - Loaded TTS engine plugin: edge-tts
2025-06-29 21:59:39,967 - TTS - ERROR - Failed to load plugin elevenlabs_engine.py: cannot import name 'generate' from 'elevenlabs' (C:\Users\SCHAVALA\Downloads\Ai Codes\universal_tts_system\venv\Lib\site-packages\elevenlabs\__init__.py)
2025-06-29 21:59:39,967 - TTS - ERROR - Failed to load plugin elevenlabs_engine.py: cannot import name 'generate' from 'elevenlabs' (C:\Users\SCHAVALA\Downloads\Ai Codes\universal_tts_system\venv\Lib\site-packages\elevenlabs\__init__.py)
2025-06-29 21:59:39,969 - TTS - INFO - Loaded TTS engine plugin: gtts
2025-06-29 21:59:39,969 - TTS - INFO - Loaded TTS engine plugin: gtts
2025-06-29 21:59:39,985 - TTS - INFO - Universal TTS System initialized
2025-06-29 21:59:39,985 - TTS - INFO - Universal TTS System initialized
2025-06-29 21:59:39,985 - TTS - INFO - Universal TTS System initialized
2025-06-29 21:59:39,987 - TTS - INFO - Processing file: C:\Users\SCHAVALA\Downloads\Shiki_Sto.pdf
2025-06-29 21:59:39,987 - TTS - INFO - Processing file: C:\Users\SCHAVALA\Downloads\Shiki_Sto.pdf
2025-06-29 21:59:39,987 - TTS - INFO - Processing file: C:\Users\SCHAVALA\Downloads\Shiki_Sto.pdf
2025-06-29 22:00:21,973 - TTS - INFO - Audio saved to: Shiki_Sto.mp3
2025-06-29 22:00:21,973 - TTS - INFO - Audio saved to: Shiki_Sto.mp3
2025-06-29 22:00:21,973 - TTS - INFO - Audio saved to: Shiki_Sto.mp3
